<html>
<head>
<title>TestNG:  Default test</title>
<link href="../testng.css" rel="stylesheet" type="text/css" />
<link href="../my-testng.css" rel="stylesheet" type="text/css" />

<style type="text/css">
.log { display: none;} 
.stack-trace { display: none;} 
</style>
<script type="text/javascript">
<!--
function flip(e) {
  current = e.style.display;
  if (current == 'block') {
    e.style.display = 'none';
    return 0;
  }
  else {
    e.style.display = 'block';
    return 1;
  }
}

function toggleBox(szDivId, elem, msg1, msg2)
{
  var res = -1;  if (document.getElementById) {
    res = flip(document.getElementById(szDivId));
  }
  else if (document.all) {
    // this is the way old msie versions work
    res = flip(document.all[szDivId]);
  }
  if(elem) {
    if(res == 0) elem.innerHTML = msg1; else elem.innerHTML = msg2;
  }

}

function toggleAllBoxes() {
  if (document.getElementsByTagName) {
    d = document.getElementsByTagName('div');
    for (i = 0; i < d.length; i++) {
      if (d[i].className == 'log') {
        flip(d[i]);
      }
    }
  }
}

// -->
</script>

</head>
<body>
<h2 align='center'>Default test</h2><table border='1' align="center">
<tr>
<td>Tests passed/Failed/Skipped:</td><td>56/0/0</td>
</tr><tr>
<td>Started on:</td><td>Fri Oct 26 01:59:33 MSK 2018</td>
</tr>
<tr><td>Total time:</td><td>0 seconds (304 ms)</td>
</tr><tr>
<td>Included groups:</td><td></td>
</tr><tr>
<td>Excluded groups:</td><td></td>
</tr>
</table><p/>
<small><i>(Hover the method name to see the test class name)</i></small><p/>
<table width='100%' border='1' class='invocation-passed'>
<tr><td colspan='4' align='center'><b>PASSED TESTS</b></td></tr>
<tr><td><b>Test method</b></td>
<td width="30%"><b>Exception</b></td>
<td width="10%"><b>Time (seconds)</b></td>
<td><b>Instance</b></td>
</tr>
<tr>
<td title='test.by.epam.auction.parser.IdParserTest.isAbleToFilterOffIncorrectValues()'><b>isAbleToFilterOffIncorrectValues</b><br>Test class: test.by.epam.auction.parser.IdParserTest<br>Parameters: -1</td>
<td><div><pre>by.epam.auction.validator.exception.WrongInputException: Non-valid id provided:-1
	at by.epam.auction.validator.parser.IdParser.lambda$parse$0(IdParser.java:40)
	at java.util.Optional.orElseThrow(Optional.java:290)
	at by.epam.auction.validator.parser.IdParser.parse(IdParser.java:40)
	at test.by.epam.auction.parser.IdParserTest.isAbleToFilterOffIncorrectValues(IdParserTest.java:49)
	at sun.reflect.NativeMethodAccessorImpl.invoke0(Native Method)
	at sun.reflect.NativeMethodAccessorImpl.invoke(NativeMethodAccessorImpl.java:62)
	at sun.reflect.DelegatingMethodAccessorImpl.invoke(DelegatingMethodAccessorImpl.java:43)
	at java.lang.reflect.Method.invoke(Method.java:498)
	at org.testng.internal.MethodInvocationHelper.invokeMethod(MethodInvocationHelper.java:124)
	at org.testng.internal.Invoker.invokeMethod(Invoker.java:580)
	at org.testng.internal.Invoker.invokeTestMethod(Invoker.java:716)
	at org.testng.internal.Invoker.invokeTestMethods(Invoker.java:988)
	at org.testng.internal.TestMethodWorker.invokeTestMethods(TestMethodWorker.java:125)
	at org.testng.internal.TestMethodWorker.run(TestMethodWorker.java:109)
	at org.testng.TestRunner.privateRun(TestRunner.java:648)
	at org.testng.TestRunner.run(TestRunner.java:505)
	at org.testng.SuiteRunner.runTest(SuiteRunner.java:455)
	at org.testng.SuiteRunner.runSequentially(SuiteRunner.java:450)
	at org.testng.SuiteRunner.privateRun(SuiteRunner.java:415)
	at org.testng.SuiteRunner.run(SuiteRunner.java:364)
	at org.testng.SuiteRunnerWorker.runSuite(SuiteRunnerWorker.java:52)
	at org.testng.SuiteRunnerWorker.run(SuiteRunnerWorker.java:84)
	at org.testng.TestNG.runSuitesSequentially(TestNG.java:1208)
	at org.testng.TestNG.runSuitesLocally(TestNG.java:1137)
	at org.testng.TestNG.runSuites(TestNG.java:1049)
	at org.testng.TestNG.run(TestNG.java:1017)
	at org.testng.remote.AbstractRemoteTestNG.run(AbstractRemoteTestNG.java:114)
	at org.testng.remote.RemoteTestNG.initAndRun(RemoteTestNG.java:251)
	at org.testng.remote.RemoteTestNG.main(RemoteTestNG.java:77)
</pre></div><a href='#' onClick='toggleBox("stack-trace402115881", this, "Click to show all stack frames", "Click to hide stack frames")'>Click to show all stack frames</a>
<div class='stack-trace' id='stack-trace402115881'><pre>by.epam.auction.validator.exception.WrongInputException: Non-valid id provided:-1
	at by.epam.auction.validator.parser.IdParser.lambda$parse$0(IdParser.java:40)
	at java.util.Optional.orElseThrow(Optional.java:290)
	at by.epam.auction.validator.parser.IdParser.parse(IdParser.java:40)
	at test.by.epam.auction.parser.IdParserTest.isAbleToFilterOffIncorrectValues(IdParserTest.java:49)
	at sun.reflect.NativeMethodAccessorImpl.invoke0(Native Method)
	at sun.reflect.NativeMethodAccessorImpl.invoke(NativeMethodAccessorImpl.java:62)
	at sun.reflect.DelegatingMethodAccessorImpl.invoke(DelegatingMethodAccessorImpl.java:43)
	at java.lang.reflect.Method.invoke(Method.java:498)
	at org.testng.internal.MethodInvocationHelper.invokeMethod(MethodInvocationHelper.java:124)
	at org.testng.internal.Invoker.invokeMethod(Invoker.java:580)
	at org.testng.internal.Invoker.invokeTestMethod(Invoker.java:716)
	at org.testng.internal.Invoker.invokeTestMethods(Invoker.java:988)
	at org.testng.internal.TestMethodWorker.invokeTestMethods(TestMethodWorker.java:125)
	at org.testng.internal.TestMethodWorker.run(TestMethodWorker.java:109)
	at org.testng.TestRunner.privateRun(TestRunner.java:648)
	at org.testng.TestRunner.run(TestRunner.java:505)
	at org.testng.SuiteRunner.runTest(SuiteRunner.java:455)
	at org.testng.SuiteRunner.runSequentially(SuiteRunner.java:450)
	at org.testng.SuiteRunner.privateRun(SuiteRunner.java:415)
	at org.testng.SuiteRunner.run(SuiteRunner.java:364)
	at org.testng.SuiteRunnerWorker.runSuite(SuiteRunnerWorker.java:52)
	at org.testng.SuiteRunnerWorker.run(SuiteRunnerWorker.java:84)
	at org.testng.TestNG.runSuitesSequentially(TestNG.java:1208)
	at org.testng.TestNG.runSuitesLocally(TestNG.java:1137)
	at org.testng.TestNG.runSuites(TestNG.java:1049)
	at org.testng.TestNG.run(TestNG.java:1017)
	at org.testng.remote.AbstractRemoteTestNG.run(AbstractRemoteTestNG.java:114)
	at org.testng.remote.RemoteTestNG.initAndRun(RemoteTestNG.java:251)
	at org.testng.remote.RemoteTestNG.main(RemoteTestNG.java:77)
</pre></div></td>
<td>0</td>
<td>test.by.epam.auction.parser.IdParserTest@4883b407</td></tr>
<tr>
<td title='test.by.epam.auction.parser.IdParserTest.isAbleToFilterOffIncorrectValues()'><b>isAbleToFilterOffIncorrectValues</b><br>Test class: test.by.epam.auction.parser.IdParserTest<br>Parameters: 0</td>
<td><div><pre>by.epam.auction.validator.exception.WrongInputException: Non-valid id provided:0
	at by.epam.auction.validator.parser.IdParser.lambda$parse$0(IdParser.java:40)
	at java.util.Optional.orElseThrow(Optional.java:290)
	at by.epam.auction.validator.parser.IdParser.parse(IdParser.java:40)
	at test.by.epam.auction.parser.IdParserTest.isAbleToFilterOffIncorrectValues(IdParserTest.java:49)
	at sun.reflect.NativeMethodAccessorImpl.invoke0(Native Method)
	at sun.reflect.NativeMethodAccessorImpl.invoke(NativeMethodAccessorImpl.java:62)
	at sun.reflect.DelegatingMethodAccessorImpl.invoke(DelegatingMethodAccessorImpl.java:43)
	at java.lang.reflect.Method.invoke(Method.java:498)
	at org.testng.internal.MethodInvocationHelper.invokeMethod(MethodInvocationHelper.java:124)
	at org.testng.internal.Invoker.invokeMethod(Invoker.java:580)
	at org.testng.internal.Invoker.invokeTestMethod(Invoker.java:716)
	at org.testng.internal.Invoker.invokeTestMethods(Invoker.java:988)
	at org.testng.internal.TestMethodWorker.invokeTestMethods(TestMethodWorker.java:125)
	at org.testng.internal.TestMethodWorker.run(TestMethodWorker.java:109)
	at org.testng.TestRunner.privateRun(TestRunner.java:648)
	at org.testng.TestRunner.run(TestRunner.java:505)
	at org.testng.SuiteRunner.runTest(SuiteRunner.java:455)
	at org.testng.SuiteRunner.runSequentially(SuiteRunner.java:450)
	at org.testng.SuiteRunner.privateRun(SuiteRunner.java:415)
	at org.testng.SuiteRunner.run(SuiteRunner.java:364)
	at org.testng.SuiteRunnerWorker.runSuite(SuiteRunnerWorker.java:52)
	at org.testng.SuiteRunnerWorker.run(SuiteRunnerWorker.java:84)
	at org.testng.TestNG.runSuitesSequentially(TestNG.java:1208)
	at org.testng.TestNG.runSuitesLocally(TestNG.java:1137)
	at org.testng.TestNG.runSuites(TestNG.java:1049)
	at org.testng.TestNG.run(TestNG.java:1017)
	at org.testng.remote.AbstractRemoteTestNG.run(AbstractRemoteTestNG.java:114)
	at org.testng.remote.RemoteTestNG.initAndRun(RemoteTestNG.java:251)
	at org.testng.remote.RemoteTestNG.main(RemoteTestNG.java:77)
</pre></div><a href='#' onClick='toggleBox("stack-trace330739404", this, "Click to show all stack frames", "Click to hide stack frames")'>Click to show all stack frames</a>
<div class='stack-trace' id='stack-trace330739404'><pre>by.epam.auction.validator.exception.WrongInputException: Non-valid id provided:0
	at by.epam.auction.validator.parser.IdParser.lambda$parse$0(IdParser.java:40)
	at java.util.Optional.orElseThrow(Optional.java:290)
	at by.epam.auction.validator.parser.IdParser.parse(IdParser.java:40)
	at test.by.epam.auction.parser.IdParserTest.isAbleToFilterOffIncorrectValues(IdParserTest.java:49)
	at sun.reflect.NativeMethodAccessorImpl.invoke0(Native Method)
	at sun.reflect.NativeMethodAccessorImpl.invoke(NativeMethodAccessorImpl.java:62)
	at sun.reflect.DelegatingMethodAccessorImpl.invoke(DelegatingMethodAccessorImpl.java:43)
	at java.lang.reflect.Method.invoke(Method.java:498)
	at org.testng.internal.MethodInvocationHelper.invokeMethod(MethodInvocationHelper.java:124)
	at org.testng.internal.Invoker.invokeMethod(Invoker.java:580)
	at org.testng.internal.Invoker.invokeTestMethod(Invoker.java:716)
	at org.testng.internal.Invoker.invokeTestMethods(Invoker.java:988)
	at org.testng.internal.TestMethodWorker.invokeTestMethods(TestMethodWorker.java:125)
	at org.testng.internal.TestMethodWorker.run(TestMethodWorker.java:109)
	at org.testng.TestRunner.privateRun(TestRunner.java:648)
	at org.testng.TestRunner.run(TestRunner.java:505)
	at org.testng.SuiteRunner.runTest(SuiteRunner.java:455)
	at org.testng.SuiteRunner.runSequentially(SuiteRunner.java:450)
	at org.testng.SuiteRunner.privateRun(SuiteRunner.java:415)
	at org.testng.SuiteRunner.run(SuiteRunner.java:364)
	at org.testng.SuiteRunnerWorker.runSuite(SuiteRunnerWorker.java:52)
	at org.testng.SuiteRunnerWorker.run(SuiteRunnerWorker.java:84)
	at org.testng.TestNG.runSuitesSequentially(TestNG.java:1208)
	at org.testng.TestNG.runSuitesLocally(TestNG.java:1137)
	at org.testng.TestNG.runSuites(TestNG.java:1049)
	at org.testng.TestNG.run(TestNG.java:1017)
	at org.testng.remote.AbstractRemoteTestNG.run(AbstractRemoteTestNG.java:114)
	at org.testng.remote.RemoteTestNG.initAndRun(RemoteTestNG.java:251)
	at org.testng.remote.RemoteTestNG.main(RemoteTestNG.java:77)
</pre></div></td>
<td>0</td>
<td>test.by.epam.auction.parser.IdParserTest@4883b407</td></tr>
<tr>
<td title='test.by.epam.auction.parser.IdParserTest.isAbleToFilterOffIncorrectValues()'><b>isAbleToFilterOffIncorrectValues</b><br>Test class: test.by.epam.auction.parser.IdParserTest<br>Parameters: </td>
<td><div><pre>by.epam.auction.validator.exception.WrongInputException: Non-valid id provided:
	at by.epam.auction.validator.parser.IdParser.lambda$parse$0(IdParser.java:40)
	at java.util.Optional.orElseThrow(Optional.java:290)
	at by.epam.auction.validator.parser.IdParser.parse(IdParser.java:40)
	at test.by.epam.auction.parser.IdParserTest.isAbleToFilterOffIncorrectValues(IdParserTest.java:49)
	at sun.reflect.NativeMethodAccessorImpl.invoke0(Native Method)
	at sun.reflect.NativeMethodAccessorImpl.invoke(NativeMethodAccessorImpl.java:62)
	at sun.reflect.DelegatingMethodAccessorImpl.invoke(DelegatingMethodAccessorImpl.java:43)
	at java.lang.reflect.Method.invoke(Method.java:498)
	at org.testng.internal.MethodInvocationHelper.invokeMethod(MethodInvocationHelper.java:124)
	at org.testng.internal.Invoker.invokeMethod(Invoker.java:580)
	at org.testng.internal.Invoker.invokeTestMethod(Invoker.java:716)
	at org.testng.internal.Invoker.invokeTestMethods(Invoker.java:988)
	at org.testng.internal.TestMethodWorker.invokeTestMethods(TestMethodWorker.java:125)
	at org.testng.internal.TestMethodWorker.run(TestMethodWorker.java:109)
	at org.testng.TestRunner.privateRun(TestRunner.java:648)
	at org.testng.TestRunner.run(TestRunner.java:505)
	at org.testng.SuiteRunner.runTest(SuiteRunner.java:455)
	at org.testng.SuiteRunner.runSequentially(SuiteRunner.java:450)
	at org.testng.SuiteRunner.privateRun(SuiteRunner.java:415)
	at org.testng.SuiteRunner.run(SuiteRunner.java:364)
	at org.testng.SuiteRunnerWorker.runSuite(SuiteRunnerWorker.java:52)
	at org.testng.SuiteRunnerWorker.run(SuiteRunnerWorker.java:84)
	at org.testng.TestNG.runSuitesSequentially(TestNG.java:1208)
	at org.testng.TestNG.runSuitesLocally(TestNG.java:1137)
	at org.testng.TestNG.runSuites(TestNG.java:1049)
	at org.testng.TestNG.run(TestNG.java:1017)
	at org.testng.remote.AbstractRemoteTestNG.run(AbstractRemoteTestNG.java:114)
	at org.testng.remote.RemoteTestNG.initAndRun(RemoteTestNG.java:251)
	at org.testng.remote.RemoteTestNG.main(RemoteTestNG.java:77)
</pre></div><a href='#' onClick='toggleBox("stack-trace1010670443", this, "Click to show all stack frames", "Click to hide stack frames")'>Click to show all stack frames</a>
<div class='stack-trace' id='stack-trace1010670443'><pre>by.epam.auction.validator.exception.WrongInputException: Non-valid id provided:
	at by.epam.auction.validator.parser.IdParser.lambda$parse$0(IdParser.java:40)
	at java.util.Optional.orElseThrow(Optional.java:290)
	at by.epam.auction.validator.parser.IdParser.parse(IdParser.java:40)
	at test.by.epam.auction.parser.IdParserTest.isAbleToFilterOffIncorrectValues(IdParserTest.java:49)
	at sun.reflect.NativeMethodAccessorImpl.invoke0(Native Method)
	at sun.reflect.NativeMethodAccessorImpl.invoke(NativeMethodAccessorImpl.java:62)
	at sun.reflect.DelegatingMethodAccessorImpl.invoke(DelegatingMethodAccessorImpl.java:43)
	at java.lang.reflect.Method.invoke(Method.java:498)
	at org.testng.internal.MethodInvocationHelper.invokeMethod(MethodInvocationHelper.java:124)
	at org.testng.internal.Invoker.invokeMethod(Invoker.java:580)
	at org.testng.internal.Invoker.invokeTestMethod(Invoker.java:716)
	at org.testng.internal.Invoker.invokeTestMethods(Invoker.java:988)
	at org.testng.internal.TestMethodWorker.invokeTestMethods(TestMethodWorker.java:125)
	at org.testng.internal.TestMethodWorker.run(TestMethodWorker.java:109)
	at org.testng.TestRunner.privateRun(TestRunner.java:648)
	at org.testng.TestRunner.run(TestRunner.java:505)
	at org.testng.SuiteRunner.runTest(SuiteRunner.java:455)
	at org.testng.SuiteRunner.runSequentially(SuiteRunner.java:450)
	at org.testng.SuiteRunner.privateRun(SuiteRunner.java:415)
	at org.testng.SuiteRunner.run(SuiteRunner.java:364)
	at org.testng.SuiteRunnerWorker.runSuite(SuiteRunnerWorker.java:52)
	at org.testng.SuiteRunnerWorker.run(SuiteRunnerWorker.java:84)
	at org.testng.TestNG.runSuitesSequentially(TestNG.java:1208)
	at org.testng.TestNG.runSuitesLocally(TestNG.java:1137)
	at org.testng.TestNG.runSuites(TestNG.java:1049)
	at org.testng.TestNG.run(TestNG.java:1017)
	at org.testng.remote.AbstractRemoteTestNG.run(AbstractRemoteTestNG.java:114)
	at org.testng.remote.RemoteTestNG.initAndRun(RemoteTestNG.java:251)
	at org.testng.remote.RemoteTestNG.main(RemoteTestNG.java:77)
</pre></div></td>
<td>0</td>
<td>test.by.epam.auction.parser.IdParserTest@4883b407</td></tr>
<tr>
<td title='test.by.epam.auction.parser.IdParserTest.isAbleToFilterOffIncorrectValues()'><b>isAbleToFilterOffIncorrectValues</b><br>Test class: test.by.epam.auction.parser.IdParserTest<br>Parameters:     </td>
<td><div><pre>by.epam.auction.validator.exception.WrongInputException: Non-valid id provided:    
	at by.epam.auction.validator.parser.IdParser.lambda$parse$0(IdParser.java:40)
	at java.util.Optional.orElseThrow(Optional.java:290)
	at by.epam.auction.validator.parser.IdParser.parse(IdParser.java:40)
	at test.by.epam.auction.parser.IdParserTest.isAbleToFilterOffIncorrectValues(IdParserTest.java:49)
	at sun.reflect.NativeMethodAccessorImpl.invoke0(Native Method)
	at sun.reflect.NativeMethodAccessorImpl.invoke(NativeMethodAccessorImpl.java:62)
	at sun.reflect.DelegatingMethodAccessorImpl.invoke(DelegatingMethodAccessorImpl.java:43)
	at java.lang.reflect.Method.invoke(Method.java:498)
	at org.testng.internal.MethodInvocationHelper.invokeMethod(MethodInvocationHelper.java:124)
	at org.testng.internal.Invoker.invokeMethod(Invoker.java:580)
	at org.testng.internal.Invoker.invokeTestMethod(Invoker.java:716)
	at org.testng.internal.Invoker.invokeTestMethods(Invoker.java:988)
	at org.testng.internal.TestMethodWorker.invokeTestMethods(TestMethodWorker.java:125)
	at org.testng.internal.TestMethodWorker.run(TestMethodWorker.java:109)
	at org.testng.TestRunner.privateRun(TestRunner.java:648)
	at org.testng.TestRunner.run(TestRunner.java:505)
	at org.testng.SuiteRunner.runTest(SuiteRunner.java:455)
	at org.testng.SuiteRunner.runSequentially(SuiteRunner.java:450)
	at org.testng.SuiteRunner.privateRun(SuiteRunner.java:415)
	at org.testng.SuiteRunner.run(SuiteRunner.java:364)
	at org.testng.SuiteRunnerWorker.runSuite(SuiteRunnerWorker.java:52)
	at org.testng.SuiteRunnerWorker.run(SuiteRunnerWorker.java:84)
	at org.testng.TestNG.runSuitesSequentially(TestNG.java:1208)
	at org.testng.TestNG.runSuitesLocally(TestNG.java:1137)
	at org.testng.TestNG.runSuites(TestNG.java:1049)
	at org.testng.TestNG.run(TestNG.java:1017)
	at org.testng.remote.AbstractRemoteTestNG.run(AbstractRemoteTestNG.java:114)
	at org.testng.remote.RemoteTestNG.initAndRun(RemoteTestNG.java:251)
	at org.testng.remote.RemoteTestNG.main(RemoteTestNG.java:77)
</pre></div><a href='#' onClick='toggleBox("stack-trace1606304070", this, "Click to show all stack frames", "Click to hide stack frames")'>Click to show all stack frames</a>
<div class='stack-trace' id='stack-trace1606304070'><pre>by.epam.auction.validator.exception.WrongInputException: Non-valid id provided:    
	at by.epam.auction.validator.parser.IdParser.lambda$parse$0(IdParser.java:40)
	at java.util.Optional.orElseThrow(Optional.java:290)
	at by.epam.auction.validator.parser.IdParser.parse(IdParser.java:40)
	at test.by.epam.auction.parser.IdParserTest.isAbleToFilterOffIncorrectValues(IdParserTest.java:49)
	at sun.reflect.NativeMethodAccessorImpl.invoke0(Native Method)
	at sun.reflect.NativeMethodAccessorImpl.invoke(NativeMethodAccessorImpl.java:62)
	at sun.reflect.DelegatingMethodAccessorImpl.invoke(DelegatingMethodAccessorImpl.java:43)
	at java.lang.reflect.Method.invoke(Method.java:498)
	at org.testng.internal.MethodInvocationHelper.invokeMethod(MethodInvocationHelper.java:124)
	at org.testng.internal.Invoker.invokeMethod(Invoker.java:580)
	at org.testng.internal.Invoker.invokeTestMethod(Invoker.java:716)
	at org.testng.internal.Invoker.invokeTestMethods(Invoker.java:988)
	at org.testng.internal.TestMethodWorker.invokeTestMethods(TestMethodWorker.java:125)
	at org.testng.internal.TestMethodWorker.run(TestMethodWorker.java:109)
	at org.testng.TestRunner.privateRun(TestRunner.java:648)
	at org.testng.TestRunner.run(TestRunner.java:505)
	at org.testng.SuiteRunner.runTest(SuiteRunner.java:455)
	at org.testng.SuiteRunner.runSequentially(SuiteRunner.java:450)
	at org.testng.SuiteRunner.privateRun(SuiteRunner.java:415)
	at org.testng.SuiteRunner.run(SuiteRunner.java:364)
	at org.testng.SuiteRunnerWorker.runSuite(SuiteRunnerWorker.java:52)
	at org.testng.SuiteRunnerWorker.run(SuiteRunnerWorker.java:84)
	at org.testng.TestNG.runSuitesSequentially(TestNG.java:1208)
	at org.testng.TestNG.runSuitesLocally(TestNG.java:1137)
	at org.testng.TestNG.runSuites(TestNG.java:1049)
	at org.testng.TestNG.run(TestNG.java:1017)
	at org.testng.remote.AbstractRemoteTestNG.run(AbstractRemoteTestNG.java:114)
	at org.testng.remote.RemoteTestNG.initAndRun(RemoteTestNG.java:251)
	at org.testng.remote.RemoteTestNG.main(RemoteTestNG.java:77)
</pre></div></td>
<td>0</td>
<td>test.by.epam.auction.parser.IdParserTest@4883b407</td></tr>
<tr>
<td title='test.by.epam.auction.parser.IdParserTest.isAbleToFilterOffIncorrectValues()'><b>isAbleToFilterOffIncorrectValues</b><br>Test class: test.by.epam.auction.parser.IdParserTest<br>Parameters: string value</td>
<td><div><pre>by.epam.auction.validator.exception.WrongInputException: Non-valid id provided:string value
	at by.epam.auction.validator.parser.IdParser.lambda$parse$0(IdParser.java:40)
	at java.util.Optional.orElseThrow(Optional.java:290)
	at by.epam.auction.validator.parser.IdParser.parse(IdParser.java:40)
	at test.by.epam.auction.parser.IdParserTest.isAbleToFilterOffIncorrectValues(IdParserTest.java:49)
	at sun.reflect.NativeMethodAccessorImpl.invoke0(Native Method)
	at sun.reflect.NativeMethodAccessorImpl.invoke(NativeMethodAccessorImpl.java:62)
	at sun.reflect.DelegatingMethodAccessorImpl.invoke(DelegatingMethodAccessorImpl.java:43)
	at java.lang.reflect.Method.invoke(Method.java:498)
	at org.testng.internal.MethodInvocationHelper.invokeMethod(MethodInvocationHelper.java:124)
	at org.testng.internal.Invoker.invokeMethod(Invoker.java:580)
	at org.testng.internal.Invoker.invokeTestMethod(Invoker.java:716)
	at org.testng.internal.Invoker.invokeTestMethods(Invoker.java:988)
	at org.testng.internal.TestMethodWorker.invokeTestMethods(TestMethodWorker.java:125)
	at org.testng.internal.TestMethodWorker.run(TestMethodWorker.java:109)
	at org.testng.TestRunner.privateRun(TestRunner.java:648)
	at org.testng.TestRunner.run(TestRunner.java:505)
	at org.testng.SuiteRunner.runTest(SuiteRunner.java:455)
	at org.testng.SuiteRunner.runSequentially(SuiteRunner.java:450)
	at org.testng.SuiteRunner.privateRun(SuiteRunner.java:415)
	at org.testng.SuiteRunner.run(SuiteRunner.java:364)
	at org.testng.SuiteRunnerWorker.runSuite(SuiteRunnerWorker.java:52)
	at org.testng.SuiteRunnerWorker.run(SuiteRunnerWorker.java:84)
	at org.testng.TestNG.runSuitesSequentially(TestNG.java:1208)
	at org.testng.TestNG.runSuitesLocally(TestNG.java:1137)
	at org.testng.TestNG.runSuites(TestNG.java:1049)
	at org.testng.TestNG.run(TestNG.java:1017)
	at org.testng.remote.AbstractRemoteTestNG.run(AbstractRemoteTestNG.java:114)
	at org.testng.remote.RemoteTestNG.initAndRun(RemoteTestNG.java:251)
	at org.testng.remote.RemoteTestNG.main(RemoteTestNG.java:77)
</pre></div><a href='#' onClick='toggleBox("stack-trace1487500813", this, "Click to show all stack frames", "Click to hide stack frames")'>Click to show all stack frames</a>
<div class='stack-trace' id='stack-trace1487500813'><pre>by.epam.auction.validator.exception.WrongInputException: Non-valid id provided:string value
	at by.epam.auction.validator.parser.IdParser.lambda$parse$0(IdParser.java:40)
	at java.util.Optional.orElseThrow(Optional.java:290)
	at by.epam.auction.validator.parser.IdParser.parse(IdParser.java:40)
	at test.by.epam.auction.parser.IdParserTest.isAbleToFilterOffIncorrectValues(IdParserTest.java:49)
	at sun.reflect.NativeMethodAccessorImpl.invoke0(Native Method)
	at sun.reflect.NativeMethodAccessorImpl.invoke(NativeMethodAccessorImpl.java:62)
	at sun.reflect.DelegatingMethodAccessorImpl.invoke(DelegatingMethodAccessorImpl.java:43)
	at java.lang.reflect.Method.invoke(Method.java:498)
	at org.testng.internal.MethodInvocationHelper.invokeMethod(MethodInvocationHelper.java:124)
	at org.testng.internal.Invoker.invokeMethod(Invoker.java:580)
	at org.testng.internal.Invoker.invokeTestMethod(Invoker.java:716)
	at org.testng.internal.Invoker.invokeTestMethods(Invoker.java:988)
	at org.testng.internal.TestMethodWorker.invokeTestMethods(TestMethodWorker.java:125)
	at org.testng.internal.TestMethodWorker.run(TestMethodWorker.java:109)
	at org.testng.TestRunner.privateRun(TestRunner.java:648)
	at org.testng.TestRunner.run(TestRunner.java:505)
	at org.testng.SuiteRunner.runTest(SuiteRunner.java:455)
	at org.testng.SuiteRunner.runSequentially(SuiteRunner.java:450)
	at org.testng.SuiteRunner.privateRun(SuiteRunner.java:415)
	at org.testng.SuiteRunner.run(SuiteRunner.java:364)
	at org.testng.SuiteRunnerWorker.runSuite(SuiteRunnerWorker.java:52)
	at org.testng.SuiteRunnerWorker.run(SuiteRunnerWorker.java:84)
	at org.testng.TestNG.runSuitesSequentially(TestNG.java:1208)
	at org.testng.TestNG.runSuitesLocally(TestNG.java:1137)
	at org.testng.TestNG.runSuites(TestNG.java:1049)
	at org.testng.TestNG.run(TestNG.java:1017)
	at org.testng.remote.AbstractRemoteTestNG.run(AbstractRemoteTestNG.java:114)
	at org.testng.remote.RemoteTestNG.initAndRun(RemoteTestNG.java:251)
	at org.testng.remote.RemoteTestNG.main(RemoteTestNG.java:77)
</pre></div></td>
<td>0</td>
<td>test.by.epam.auction.parser.IdParserTest@4883b407</td></tr>
<tr>
<td title='test.by.epam.auction.parser.IdParserTest.isAbleToFilterOffIncorrectValues()'><b>isAbleToFilterOffIncorrectValues</b><br>Test class: test.by.epam.auction.parser.IdParserTest<br>Parameters: null</td>
<td><div><pre>by.epam.auction.validator.exception.WrongInputException: Non-valid id provided:null
	at by.epam.auction.validator.parser.IdParser.lambda$parse$0(IdParser.java:40)
	at java.util.Optional.orElseThrow(Optional.java:290)
	at by.epam.auction.validator.parser.IdParser.parse(IdParser.java:40)
	at test.by.epam.auction.parser.IdParserTest.isAbleToFilterOffIncorrectValues(IdParserTest.java:49)
	at sun.reflect.NativeMethodAccessorImpl.invoke0(Native Method)
	at sun.reflect.NativeMethodAccessorImpl.invoke(NativeMethodAccessorImpl.java:62)
	at sun.reflect.DelegatingMethodAccessorImpl.invoke(DelegatingMethodAccessorImpl.java:43)
	at java.lang.reflect.Method.invoke(Method.java:498)
	at org.testng.internal.MethodInvocationHelper.invokeMethod(MethodInvocationHelper.java:124)
	at org.testng.internal.Invoker.invokeMethod(Invoker.java:580)
	at org.testng.internal.Invoker.invokeTestMethod(Invoker.java:716)
	at org.testng.internal.Invoker.invokeTestMethods(Invoker.java:988)
	at org.testng.internal.TestMethodWorker.invokeTestMethods(TestMethodWorker.java:125)
	at org.testng.internal.TestMethodWorker.run(TestMethodWorker.java:109)
	at org.testng.TestRunner.privateRun(TestRunner.java:648)
	at org.testng.TestRunner.run(TestRunner.java:505)
	at org.testng.SuiteRunner.runTest(SuiteRunner.java:455)
	at org.testng.SuiteRunner.runSequentially(SuiteRunner.java:450)
	at org.testng.SuiteRunner.privateRun(SuiteRunner.java:415)
	at org.testng.SuiteRunner.run(SuiteRunner.java:364)
	at org.testng.SuiteRunnerWorker.runSuite(SuiteRunnerWorker.java:52)
	at org.testng.SuiteRunnerWorker.run(SuiteRunnerWorker.java:84)
	at org.testng.TestNG.runSuitesSequentially(TestNG.java:1208)
	at org.testng.TestNG.runSuitesLocally(TestNG.java:1137)
	at org.testng.TestNG.runSuites(TestNG.java:1049)
	at org.testng.TestNG.run(TestNG.java:1017)
	at org.testng.remote.AbstractRemoteTestNG.run(AbstractRemoteTestNG.java:114)
	at org.testng.remote.RemoteTestNG.initAndRun(RemoteTestNG.java:251)
	at org.testng.remote.RemoteTestNG.main(RemoteTestNG.java:77)
</pre></div><a href='#' onClick='toggleBox("stack-trace961409111", this, "Click to show all stack frames", "Click to hide stack frames")'>Click to show all stack frames</a>
<div class='stack-trace' id='stack-trace961409111'><pre>by.epam.auction.validator.exception.WrongInputException: Non-valid id provided:null
	at by.epam.auction.validator.parser.IdParser.lambda$parse$0(IdParser.java:40)
	at java.util.Optional.orElseThrow(Optional.java:290)
	at by.epam.auction.validator.parser.IdParser.parse(IdParser.java:40)
	at test.by.epam.auction.parser.IdParserTest.isAbleToFilterOffIncorrectValues(IdParserTest.java:49)
	at sun.reflect.NativeMethodAccessorImpl.invoke0(Native Method)
	at sun.reflect.NativeMethodAccessorImpl.invoke(NativeMethodAccessorImpl.java:62)
	at sun.reflect.DelegatingMethodAccessorImpl.invoke(DelegatingMethodAccessorImpl.java:43)
	at java.lang.reflect.Method.invoke(Method.java:498)
	at org.testng.internal.MethodInvocationHelper.invokeMethod(MethodInvocationHelper.java:124)
	at org.testng.internal.Invoker.invokeMethod(Invoker.java:580)
	at org.testng.internal.Invoker.invokeTestMethod(Invoker.java:716)
	at org.testng.internal.Invoker.invokeTestMethods(Invoker.java:988)
	at org.testng.internal.TestMethodWorker.invokeTestMethods(TestMethodWorker.java:125)
	at org.testng.internal.TestMethodWorker.run(TestMethodWorker.java:109)
	at org.testng.TestRunner.privateRun(TestRunner.java:648)
	at org.testng.TestRunner.run(TestRunner.java:505)
	at org.testng.SuiteRunner.runTest(SuiteRunner.java:455)
	at org.testng.SuiteRunner.runSequentially(SuiteRunner.java:450)
	at org.testng.SuiteRunner.privateRun(SuiteRunner.java:415)
	at org.testng.SuiteRunner.run(SuiteRunner.java:364)
	at org.testng.SuiteRunnerWorker.runSuite(SuiteRunnerWorker.java:52)
	at org.testng.SuiteRunnerWorker.run(SuiteRunnerWorker.java:84)
	at org.testng.TestNG.runSuitesSequentially(TestNG.java:1208)
	at org.testng.TestNG.runSuitesLocally(TestNG.java:1137)
	at org.testng.TestNG.runSuites(TestNG.java:1049)
	at org.testng.TestNG.run(TestNG.java:1017)
	at org.testng.remote.AbstractRemoteTestNG.run(AbstractRemoteTestNG.java:114)
	at org.testng.remote.RemoteTestNG.initAndRun(RemoteTestNG.java:251)
	at org.testng.remote.RemoteTestNG.main(RemoteTestNG.java:77)
</pre></div></td>
<td>0</td>
<td>test.by.epam.auction.parser.IdParserTest@4883b407</td></tr>
<tr>
<td title='test.by.epam.auction.parser.AmountParserTest.isAbleToFilterOffIncorrectValues()'><b>isAbleToFilterOffIncorrectValues</b><br>Test class: test.by.epam.auction.parser.AmountParserTest<br>Parameters: -1.00</td>
<td><div><pre>by.epam.auction.validator.exception.WrongInputException: Non-valid amount provided:-1.00
	at by.epam.auction.validator.parser.AmountParser.lambda$parse$0(AmountParser.java:44)
	at java.util.Optional.orElseThrow(Optional.java:290)
	at by.epam.auction.validator.parser.AmountParser.parse(AmountParser.java:44)
	at test.by.epam.auction.parser.AmountParserTest.isAbleToFilterOffIncorrectValues(AmountParserTest.java:50)
	at sun.reflect.NativeMethodAccessorImpl.invoke0(Native Method)
	at sun.reflect.NativeMethodAccessorImpl.invoke(NativeMethodAccessorImpl.java:62)
	at sun.reflect.DelegatingMethodAccessorImpl.invoke(DelegatingMethodAccessorImpl.java:43)
	at java.lang.reflect.Method.invoke(Method.java:498)
	at org.testng.internal.MethodInvocationHelper.invokeMethod(MethodInvocationHelper.java:124)
	at org.testng.internal.Invoker.invokeMethod(Invoker.java:580)
	at org.testng.internal.Invoker.invokeTestMethod(Invoker.java:716)
	at org.testng.internal.Invoker.invokeTestMethods(Invoker.java:988)
	at org.testng.internal.TestMethodWorker.invokeTestMethods(TestMethodWorker.java:125)
	at org.testng.internal.TestMethodWorker.run(TestMethodWorker.java:109)
	at org.testng.TestRunner.privateRun(TestRunner.java:648)
	at org.testng.TestRunner.run(TestRunner.java:505)
	at org.testng.SuiteRunner.runTest(SuiteRunner.java:455)
	at org.testng.SuiteRunner.runSequentially(SuiteRunner.java:450)
	at org.testng.SuiteRunner.privateRun(SuiteRunner.java:415)
	at org.testng.SuiteRunner.run(SuiteRunner.java:364)
	at org.testng.SuiteRunnerWorker.runSuite(SuiteRunnerWorker.java:52)
	at org.testng.SuiteRunnerWorker.run(SuiteRunnerWorker.java:84)
	at org.testng.TestNG.runSuitesSequentially(TestNG.java:1208)
	at org.testng.TestNG.runSuitesLocally(TestNG.java:1137)
	at org.testng.TestNG.runSuites(TestNG.java:1049)
	at org.testng.TestNG.run(TestNG.java:1017)
	at org.testng.remote.AbstractRemoteTestNG.run(AbstractRemoteTestNG.java:114)
	at org.testng.remote.RemoteTestNG.initAndRun(RemoteTestNG.java:251)
	at org.testng.remote.RemoteTestNG.main(RemoteTestNG.java:77)
</pre></div><a href='#' onClick='toggleBox("stack-trace966544353", this, "Click to show all stack frames", "Click to hide stack frames")'>Click to show all stack frames</a>
<div class='stack-trace' id='stack-trace966544353'><pre>by.epam.auction.validator.exception.WrongInputException: Non-valid amount provided:-1.00
	at by.epam.auction.validator.parser.AmountParser.lambda$parse$0(AmountParser.java:44)
	at java.util.Optional.orElseThrow(Optional.java:290)
	at by.epam.auction.validator.parser.AmountParser.parse(AmountParser.java:44)
	at test.by.epam.auction.parser.AmountParserTest.isAbleToFilterOffIncorrectValues(AmountParserTest.java:50)
	at sun.reflect.NativeMethodAccessorImpl.invoke0(Native Method)
	at sun.reflect.NativeMethodAccessorImpl.invoke(NativeMethodAccessorImpl.java:62)
	at sun.reflect.DelegatingMethodAccessorImpl.invoke(DelegatingMethodAccessorImpl.java:43)
	at java.lang.reflect.Method.invoke(Method.java:498)
	at org.testng.internal.MethodInvocationHelper.invokeMethod(MethodInvocationHelper.java:124)
	at org.testng.internal.Invoker.invokeMethod(Invoker.java:580)
	at org.testng.internal.Invoker.invokeTestMethod(Invoker.java:716)
	at org.testng.internal.Invoker.invokeTestMethods(Invoker.java:988)
	at org.testng.internal.TestMethodWorker.invokeTestMethods(TestMethodWorker.java:125)
	at org.testng.internal.TestMethodWorker.run(TestMethodWorker.java:109)
	at org.testng.TestRunner.privateRun(TestRunner.java:648)
	at org.testng.TestRunner.run(TestRunner.java:505)
	at org.testng.SuiteRunner.runTest(SuiteRunner.java:455)
	at org.testng.SuiteRunner.runSequentially(SuiteRunner.java:450)
	at org.testng.SuiteRunner.privateRun(SuiteRunner.java:415)
	at org.testng.SuiteRunner.run(SuiteRunner.java:364)
	at org.testng.SuiteRunnerWorker.runSuite(SuiteRunnerWorker.java:52)
	at org.testng.SuiteRunnerWorker.run(SuiteRunnerWorker.java:84)
	at org.testng.TestNG.runSuitesSequentially(TestNG.java:1208)
	at org.testng.TestNG.runSuitesLocally(TestNG.java:1137)
	at org.testng.TestNG.runSuites(TestNG.java:1049)
	at org.testng.TestNG.run(TestNG.java:1017)
	at org.testng.remote.AbstractRemoteTestNG.run(AbstractRemoteTestNG.java:114)
	at org.testng.remote.RemoteTestNG.initAndRun(RemoteTestNG.java:251)
	at org.testng.remote.RemoteTestNG.main(RemoteTestNG.java:77)
</pre></div></td>
<td>0</td>
<td>test.by.epam.auction.parser.AmountParserTest@7d9d1a19</td></tr>
<tr>
<td title='test.by.epam.auction.parser.AmountParserTest.isAbleToFilterOffIncorrectValues()'><b>isAbleToFilterOffIncorrectValues</b><br>Test class: test.by.epam.auction.parser.AmountParserTest<br>Parameters: </td>
<td><div><pre>by.epam.auction.validator.exception.WrongInputException: Non-valid amount provided:
	at by.epam.auction.validator.parser.AmountParser.lambda$parse$0(AmountParser.java:44)
	at java.util.Optional.orElseThrow(Optional.java:290)
	at by.epam.auction.validator.parser.AmountParser.parse(AmountParser.java:44)
	at test.by.epam.auction.parser.AmountParserTest.isAbleToFilterOffIncorrectValues(AmountParserTest.java:50)
	at sun.reflect.NativeMethodAccessorImpl.invoke0(Native Method)
	at sun.reflect.NativeMethodAccessorImpl.invoke(NativeMethodAccessorImpl.java:62)
	at sun.reflect.DelegatingMethodAccessorImpl.invoke(DelegatingMethodAccessorImpl.java:43)
	at java.lang.reflect.Method.invoke(Method.java:498)
	at org.testng.internal.MethodInvocationHelper.invokeMethod(MethodInvocationHelper.java:124)
	at org.testng.internal.Invoker.invokeMethod(Invoker.java:580)
	at org.testng.internal.Invoker.invokeTestMethod(Invoker.java:716)
	at org.testng.internal.Invoker.invokeTestMethods(Invoker.java:988)
	at org.testng.internal.TestMethodWorker.invokeTestMethods(TestMethodWorker.java:125)
	at org.testng.internal.TestMethodWorker.run(TestMethodWorker.java:109)
	at org.testng.TestRunner.privateRun(TestRunner.java:648)
	at org.testng.TestRunner.run(TestRunner.java:505)
	at org.testng.SuiteRunner.runTest(SuiteRunner.java:455)
	at org.testng.SuiteRunner.runSequentially(SuiteRunner.java:450)
	at org.testng.SuiteRunner.privateRun(SuiteRunner.java:415)
	at org.testng.SuiteRunner.run(SuiteRunner.java:364)
	at org.testng.SuiteRunnerWorker.runSuite(SuiteRunnerWorker.java:52)
	at org.testng.SuiteRunnerWorker.run(SuiteRunnerWorker.java:84)
	at org.testng.TestNG.runSuitesSequentially(TestNG.java:1208)
	at org.testng.TestNG.runSuitesLocally(TestNG.java:1137)
	at org.testng.TestNG.runSuites(TestNG.java:1049)
	at org.testng.TestNG.run(TestNG.java:1017)
	at org.testng.remote.AbstractRemoteTestNG.run(AbstractRemoteTestNG.java:114)
	at org.testng.remote.RemoteTestNG.initAndRun(RemoteTestNG.java:251)
	at org.testng.remote.RemoteTestNG.main(RemoteTestNG.java:77)
</pre></div><a href='#' onClick='toggleBox("stack-trace945722724", this, "Click to show all stack frames", "Click to hide stack frames")'>Click to show all stack frames</a>
<div class='stack-trace' id='stack-trace945722724'><pre>by.epam.auction.validator.exception.WrongInputException: Non-valid amount provided:
	at by.epam.auction.validator.parser.AmountParser.lambda$parse$0(AmountParser.java:44)
	at java.util.Optional.orElseThrow(Optional.java:290)
	at by.epam.auction.validator.parser.AmountParser.parse(AmountParser.java:44)
	at test.by.epam.auction.parser.AmountParserTest.isAbleToFilterOffIncorrectValues(AmountParserTest.java:50)
	at sun.reflect.NativeMethodAccessorImpl.invoke0(Native Method)
	at sun.reflect.NativeMethodAccessorImpl.invoke(NativeMethodAccessorImpl.java:62)
	at sun.reflect.DelegatingMethodAccessorImpl.invoke(DelegatingMethodAccessorImpl.java:43)
	at java.lang.reflect.Method.invoke(Method.java:498)
	at org.testng.internal.MethodInvocationHelper.invokeMethod(MethodInvocationHelper.java:124)
	at org.testng.internal.Invoker.invokeMethod(Invoker.java:580)
	at org.testng.internal.Invoker.invokeTestMethod(Invoker.java:716)
	at org.testng.internal.Invoker.invokeTestMethods(Invoker.java:988)
	at org.testng.internal.TestMethodWorker.invokeTestMethods(TestMethodWorker.java:125)
	at org.testng.internal.TestMethodWorker.run(TestMethodWorker.java:109)
	at org.testng.TestRunner.privateRun(TestRunner.java:648)
	at org.testng.TestRunner.run(TestRunner.java:505)
	at org.testng.SuiteRunner.runTest(SuiteRunner.java:455)
	at org.testng.SuiteRunner.runSequentially(SuiteRunner.java:450)
	at org.testng.SuiteRunner.privateRun(SuiteRunner.java:415)
	at org.testng.SuiteRunner.run(SuiteRunner.java:364)
	at org.testng.SuiteRunnerWorker.runSuite(SuiteRunnerWorker.java:52)
	at org.testng.SuiteRunnerWorker.run(SuiteRunnerWorker.java:84)
	at org.testng.TestNG.runSuitesSequentially(TestNG.java:1208)
	at org.testng.TestNG.runSuitesLocally(TestNG.java:1137)
	at org.testng.TestNG.runSuites(TestNG.java:1049)
	at org.testng.TestNG.run(TestNG.java:1017)
	at org.testng.remote.AbstractRemoteTestNG.run(AbstractRemoteTestNG.java:114)
	at org.testng.remote.RemoteTestNG.initAndRun(RemoteTestNG.java:251)
	at org.testng.remote.RemoteTestNG.main(RemoteTestNG.java:77)
</pre></div></td>
<td>0</td>
<td>test.by.epam.auction.parser.AmountParserTest@7d9d1a19</td></tr>
<tr>
<td title='test.by.epam.auction.parser.AmountParserTest.isAbleToFilterOffIncorrectValues()'><b>isAbleToFilterOffIncorrectValues</b><br>Test class: test.by.epam.auction.parser.AmountParserTest<br>Parameters:     </td>
<td><div><pre>by.epam.auction.validator.exception.WrongInputException: Non-valid amount provided:    
	at by.epam.auction.validator.parser.AmountParser.lambda$parse$0(AmountParser.java:44)
	at java.util.Optional.orElseThrow(Optional.java:290)
	at by.epam.auction.validator.parser.AmountParser.parse(AmountParser.java:44)
	at test.by.epam.auction.parser.AmountParserTest.isAbleToFilterOffIncorrectValues(AmountParserTest.java:50)
	at sun.reflect.NativeMethodAccessorImpl.invoke0(Native Method)
	at sun.reflect.NativeMethodAccessorImpl.invoke(NativeMethodAccessorImpl.java:62)
	at sun.reflect.DelegatingMethodAccessorImpl.invoke(DelegatingMethodAccessorImpl.java:43)
	at java.lang.reflect.Method.invoke(Method.java:498)
	at org.testng.internal.MethodInvocationHelper.invokeMethod(MethodInvocationHelper.java:124)
	at org.testng.internal.Invoker.invokeMethod(Invoker.java:580)
	at org.testng.internal.Invoker.invokeTestMethod(Invoker.java:716)
	at org.testng.internal.Invoker.invokeTestMethods(Invoker.java:988)
	at org.testng.internal.TestMethodWorker.invokeTestMethods(TestMethodWorker.java:125)
	at org.testng.internal.TestMethodWorker.run(TestMethodWorker.java:109)
	at org.testng.TestRunner.privateRun(TestRunner.java:648)
	at org.testng.TestRunner.run(TestRunner.java:505)
	at org.testng.SuiteRunner.runTest(SuiteRunner.java:455)
	at org.testng.SuiteRunner.runSequentially(SuiteRunner.java:450)
	at org.testng.SuiteRunner.privateRun(SuiteRunner.java:415)
	at org.testng.SuiteRunner.run(SuiteRunner.java:364)
	at org.testng.SuiteRunnerWorker.runSuite(SuiteRunnerWorker.java:52)
	at org.testng.SuiteRunnerWorker.run(SuiteRunnerWorker.java:84)
	at org.testng.TestNG.runSuitesSequentially(TestNG.java:1208)
	at org.testng.TestNG.runSuitesLocally(TestNG.java:1137)
	at org.testng.TestNG.runSuites(TestNG.java:1049)
	at org.testng.TestNG.run(TestNG.java:1017)
	at org.testng.remote.AbstractRemoteTestNG.run(AbstractRemoteTestNG.java:114)
	at org.testng.remote.RemoteTestNG.initAndRun(RemoteTestNG.java:251)
	at org.testng.remote.RemoteTestNG.main(RemoteTestNG.java:77)
</pre></div><a href='#' onClick='toggleBox("stack-trace9190301", this, "Click to show all stack frames", "Click to hide stack frames")'>Click to show all stack frames</a>
<div class='stack-trace' id='stack-trace9190301'><pre>by.epam.auction.validator.exception.WrongInputException: Non-valid amount provided:    
	at by.epam.auction.validator.parser.AmountParser.lambda$parse$0(AmountParser.java:44)
	at java.util.Optional.orElseThrow(Optional.java:290)
	at by.epam.auction.validator.parser.AmountParser.parse(AmountParser.java:44)
	at test.by.epam.auction.parser.AmountParserTest.isAbleToFilterOffIncorrectValues(AmountParserTest.java:50)
	at sun.reflect.NativeMethodAccessorImpl.invoke0(Native Method)
	at sun.reflect.NativeMethodAccessorImpl.invoke(NativeMethodAccessorImpl.java:62)
	at sun.reflect.DelegatingMethodAccessorImpl.invoke(DelegatingMethodAccessorImpl.java:43)
	at java.lang.reflect.Method.invoke(Method.java:498)
	at org.testng.internal.MethodInvocationHelper.invokeMethod(MethodInvocationHelper.java:124)
	at org.testng.internal.Invoker.invokeMethod(Invoker.java:580)
	at org.testng.internal.Invoker.invokeTestMethod(Invoker.java:716)
	at org.testng.internal.Invoker.invokeTestMethods(Invoker.java:988)
	at org.testng.internal.TestMethodWorker.invokeTestMethods(TestMethodWorker.java:125)
	at org.testng.internal.TestMethodWorker.run(TestMethodWorker.java:109)
	at org.testng.TestRunner.privateRun(TestRunner.java:648)
	at org.testng.TestRunner.run(TestRunner.java:505)
	at org.testng.SuiteRunner.runTest(SuiteRunner.java:455)
	at org.testng.SuiteRunner.runSequentially(SuiteRunner.java:450)
	at org.testng.SuiteRunner.privateRun(SuiteRunner.java:415)
	at org.testng.SuiteRunner.run(SuiteRunner.java:364)
	at org.testng.SuiteRunnerWorker.runSuite(SuiteRunnerWorker.java:52)
	at org.testng.SuiteRunnerWorker.run(SuiteRunnerWorker.java:84)
	at org.testng.TestNG.runSuitesSequentially(TestNG.java:1208)
	at org.testng.TestNG.runSuitesLocally(TestNG.java:1137)
	at org.testng.TestNG.runSuites(TestNG.java:1049)
	at org.testng.TestNG.run(TestNG.java:1017)
	at org.testng.remote.AbstractRemoteTestNG.run(AbstractRemoteTestNG.java:114)
	at org.testng.remote.RemoteTestNG.initAndRun(RemoteTestNG.java:251)
	at org.testng.remote.RemoteTestNG.main(RemoteTestNG.java:77)
</pre></div></td>
<td>0</td>
<td>test.by.epam.auction.parser.AmountParserTest@7d9d1a19</td></tr>
<tr>
<td title='test.by.epam.auction.parser.AmountParserTest.isAbleToFilterOffIncorrectValues()'><b>isAbleToFilterOffIncorrectValues</b><br>Test class: test.by.epam.auction.parser.AmountParserTest<br>Parameters: unmatching regEx</td>
<td><div><pre>by.epam.auction.validator.exception.WrongInputException: Non-valid amount provided:unmatching regEx
	at by.epam.auction.validator.parser.AmountParser.lambda$parse$0(AmountParser.java:44)
	at java.util.Optional.orElseThrow(Optional.java:290)
	at by.epam.auction.validator.parser.AmountParser.parse(AmountParser.java:44)
	at test.by.epam.auction.parser.AmountParserTest.isAbleToFilterOffIncorrectValues(AmountParserTest.java:50)
	at sun.reflect.NativeMethodAccessorImpl.invoke0(Native Method)
	at sun.reflect.NativeMethodAccessorImpl.invoke(NativeMethodAccessorImpl.java:62)
	at sun.reflect.DelegatingMethodAccessorImpl.invoke(DelegatingMethodAccessorImpl.java:43)
	at java.lang.reflect.Method.invoke(Method.java:498)
	at org.testng.internal.MethodInvocationHelper.invokeMethod(MethodInvocationHelper.java:124)
	at org.testng.internal.Invoker.invokeMethod(Invoker.java:580)
	at org.testng.internal.Invoker.invokeTestMethod(Invoker.java:716)
	at org.testng.internal.Invoker.invokeTestMethods(Invoker.java:988)
	at org.testng.internal.TestMethodWorker.invokeTestMethods(TestMethodWorker.java:125)
	at org.testng.internal.TestMethodWorker.run(TestMethodWorker.java:109)
	at org.testng.TestRunner.privateRun(TestRunner.java:648)
	at org.testng.TestRunner.run(TestRunner.java:505)
	at org.testng.SuiteRunner.runTest(SuiteRunner.java:455)
	at org.testng.SuiteRunner.runSequentially(SuiteRunner.java:450)
	at org.testng.SuiteRunner.privateRun(SuiteRunner.java:415)
	at org.testng.SuiteRunner.run(SuiteRunner.java:364)
	at org.testng.SuiteRunnerWorker.runSuite(SuiteRunnerWorker.java:52)
	at org.testng.SuiteRunnerWorker.run(SuiteRunnerWorker.java:84)
	at org.testng.TestNG.runSuitesSequentially(TestNG.java:1208)
	at org.testng.TestNG.runSuitesLocally(TestNG.java:1137)
	at org.testng.TestNG.runSuites(TestNG.java:1049)
	at org.testng.TestNG.run(TestNG.java:1017)
	at org.testng.remote.AbstractRemoteTestNG.run(AbstractRemoteTestNG.java:114)
	at org.testng.remote.RemoteTestNG.initAndRun(RemoteTestNG.java:251)
	at org.testng.remote.RemoteTestNG.main(RemoteTestNG.java:77)
</pre></div><a href='#' onClick='toggleBox("stack-trace63390", this, "Click to show all stack frames", "Click to hide stack frames")'>Click to show all stack frames</a>
<div class='stack-trace' id='stack-trace63390'><pre>by.epam.auction.validator.exception.WrongInputException: Non-valid amount provided:unmatching regEx
	at by.epam.auction.validator.parser.AmountParser.lambda$parse$0(AmountParser.java:44)
	at java.util.Optional.orElseThrow(Optional.java:290)
	at by.epam.auction.validator.parser.AmountParser.parse(AmountParser.java:44)
	at test.by.epam.auction.parser.AmountParserTest.isAbleToFilterOffIncorrectValues(AmountParserTest.java:50)
	at sun.reflect.NativeMethodAccessorImpl.invoke0(Native Method)
	at sun.reflect.NativeMethodAccessorImpl.invoke(NativeMethodAccessorImpl.java:62)
	at sun.reflect.DelegatingMethodAccessorImpl.invoke(DelegatingMethodAccessorImpl.java:43)
	at java.lang.reflect.Method.invoke(Method.java:498)
	at org.testng.internal.MethodInvocationHelper.invokeMethod(MethodInvocationHelper.java:124)
	at org.testng.internal.Invoker.invokeMethod(Invoker.java:580)
	at org.testng.internal.Invoker.invokeTestMethod(Invoker.java:716)
	at org.testng.internal.Invoker.invokeTestMethods(Invoker.java:988)
	at org.testng.internal.TestMethodWorker.invokeTestMethods(TestMethodWorker.java:125)
	at org.testng.internal.TestMethodWorker.run(TestMethodWorker.java:109)
	at org.testng.TestRunner.privateRun(TestRunner.java:648)
	at org.testng.TestRunner.run(TestRunner.java:505)
	at org.testng.SuiteRunner.runTest(SuiteRunner.java:455)
	at org.testng.SuiteRunner.runSequentially(SuiteRunner.java:450)
	at org.testng.SuiteRunner.privateRun(SuiteRunner.java:415)
	at org.testng.SuiteRunner.run(SuiteRunner.java:364)
	at org.testng.SuiteRunnerWorker.runSuite(SuiteRunnerWorker.java:52)
	at org.testng.SuiteRunnerWorker.run(SuiteRunnerWorker.java:84)
	at org.testng.TestNG.runSuitesSequentially(TestNG.java:1208)
	at org.testng.TestNG.runSuitesLocally(TestNG.java:1137)
	at org.testng.TestNG.runSuites(TestNG.java:1049)
	at org.testng.TestNG.run(TestNG.java:1017)
	at org.testng.remote.AbstractRemoteTestNG.run(AbstractRemoteTestNG.java:114)
	at org.testng.remote.RemoteTestNG.initAndRun(RemoteTestNG.java:251)
	at org.testng.remote.RemoteTestNG.main(RemoteTestNG.java:77)
</pre></div></td>
<td>0</td>
<td>test.by.epam.auction.parser.AmountParserTest@7d9d1a19</td></tr>
<tr>
<td title='test.by.epam.auction.parser.AmountParserTest.isAbleToFilterOffIncorrectValues()'><b>isAbleToFilterOffIncorrectValues</b><br>Test class: test.by.epam.auction.parser.AmountParserTest<br>Parameters: null</td>
<td><div><pre>by.epam.auction.validator.exception.WrongInputException: Non-valid amount provided:null
	at by.epam.auction.validator.parser.AmountParser.lambda$parse$0(AmountParser.java:44)
	at java.util.Optional.orElseThrow(Optional.java:290)
	at by.epam.auction.validator.parser.AmountParser.parse(AmountParser.java:44)
	at test.by.epam.auction.parser.AmountParserTest.isAbleToFilterOffIncorrectValues(AmountParserTest.java:50)
	at sun.reflect.NativeMethodAccessorImpl.invoke0(Native Method)
	at sun.reflect.NativeMethodAccessorImpl.invoke(NativeMethodAccessorImpl.java:62)
	at sun.reflect.DelegatingMethodAccessorImpl.invoke(DelegatingMethodAccessorImpl.java:43)
	at java.lang.reflect.Method.invoke(Method.java:498)
	at org.testng.internal.MethodInvocationHelper.invokeMethod(MethodInvocationHelper.java:124)
	at org.testng.internal.Invoker.invokeMethod(Invoker.java:580)
	at org.testng.internal.Invoker.invokeTestMethod(Invoker.java:716)
	at org.testng.internal.Invoker.invokeTestMethods(Invoker.java:988)
	at org.testng.internal.TestMethodWorker.invokeTestMethods(TestMethodWorker.java:125)
	at org.testng.internal.TestMethodWorker.run(TestMethodWorker.java:109)
	at org.testng.TestRunner.privateRun(TestRunner.java:648)
	at org.testng.TestRunner.run(TestRunner.java:505)
	at org.testng.SuiteRunner.runTest(SuiteRunner.java:455)
	at org.testng.SuiteRunner.runSequentially(SuiteRunner.java:450)
	at org.testng.SuiteRunner.privateRun(SuiteRunner.java:415)
	at org.testng.SuiteRunner.run(SuiteRunner.java:364)
	at org.testng.SuiteRunnerWorker.runSuite(SuiteRunnerWorker.java:52)
	at org.testng.SuiteRunnerWorker.run(SuiteRunnerWorker.java:84)
	at org.testng.TestNG.runSuitesSequentially(TestNG.java:1208)
	at org.testng.TestNG.runSuitesLocally(TestNG.java:1137)
	at org.testng.TestNG.runSuites(TestNG.java:1049)
	at org.testng.TestNG.run(TestNG.java:1017)
	at org.testng.remote.AbstractRemoteTestNG.run(AbstractRemoteTestNG.java:114)
	at org.testng.remote.RemoteTestNG.initAndRun(RemoteTestNG.java:251)
	at org.testng.remote.RemoteTestNG.main(RemoteTestNG.java:77)
</pre></div><a href='#' onClick='toggleBox("stack-trace525968792", this, "Click to show all stack frames", "Click to hide stack frames")'>Click to show all stack frames</a>
<div class='stack-trace' id='stack-trace525968792'><pre>by.epam.auction.validator.exception.WrongInputException: Non-valid amount provided:null
	at by.epam.auction.validator.parser.AmountParser.lambda$parse$0(AmountParser.java:44)
	at java.util.Optional.orElseThrow(Optional.java:290)
	at by.epam.auction.validator.parser.AmountParser.parse(AmountParser.java:44)
	at test.by.epam.auction.parser.AmountParserTest.isAbleToFilterOffIncorrectValues(AmountParserTest.java:50)
	at sun.reflect.NativeMethodAccessorImpl.invoke0(Native Method)
	at sun.reflect.NativeMethodAccessorImpl.invoke(NativeMethodAccessorImpl.java:62)
	at sun.reflect.DelegatingMethodAccessorImpl.invoke(DelegatingMethodAccessorImpl.java:43)
	at java.lang.reflect.Method.invoke(Method.java:498)
	at org.testng.internal.MethodInvocationHelper.invokeMethod(MethodInvocationHelper.java:124)
	at org.testng.internal.Invoker.invokeMethod(Invoker.java:580)
	at org.testng.internal.Invoker.invokeTestMethod(Invoker.java:716)
	at org.testng.internal.Invoker.invokeTestMethods(Invoker.java:988)
	at org.testng.internal.TestMethodWorker.invokeTestMethods(TestMethodWorker.java:125)
	at org.testng.internal.TestMethodWorker.run(TestMethodWorker.java:109)
	at org.testng.TestRunner.privateRun(TestRunner.java:648)
	at org.testng.TestRunner.run(TestRunner.java:505)
	at org.testng.SuiteRunner.runTest(SuiteRunner.java:455)
	at org.testng.SuiteRunner.runSequentially(SuiteRunner.java:450)
	at org.testng.SuiteRunner.privateRun(SuiteRunner.java:415)
	at org.testng.SuiteRunner.run(SuiteRunner.java:364)
	at org.testng.SuiteRunnerWorker.runSuite(SuiteRunnerWorker.java:52)
	at org.testng.SuiteRunnerWorker.run(SuiteRunnerWorker.java:84)
	at org.testng.TestNG.runSuitesSequentially(TestNG.java:1208)
	at org.testng.TestNG.runSuitesLocally(TestNG.java:1137)
	at org.testng.TestNG.runSuites(TestNG.java:1049)
	at org.testng.TestNG.run(TestNG.java:1017)
	at org.testng.remote.AbstractRemoteTestNG.run(AbstractRemoteTestNG.java:114)
	at org.testng.remote.RemoteTestNG.initAndRun(RemoteTestNG.java:251)
	at org.testng.remote.RemoteTestNG.main(RemoteTestNG.java:77)
</pre></div></td>
<td>0</td>
<td>test.by.epam.auction.parser.AmountParserTest@7d9d1a19</td></tr>
<tr>
<td title='test.by.epam.auction.parser.PageNumberParserTest.isAbleToFilterOffIncorrectValues()'><b>isAbleToFilterOffIncorrectValues</b><br>Test class: test.by.epam.auction.parser.PageNumberParserTest<br>Parameters: -1</td>
<td><div><pre>by.epam.auction.validator.exception.WrongInputException: Non-valid page number provided:-1
	at by.epam.auction.validator.parser.PageNumberParser.lambda$parse$3(PageNumberParser.java:42)
	at java.util.Optional.orElseThrow(Optional.java:290)
	at by.epam.auction.validator.parser.PageNumberParser.parse(PageNumberParser.java:42)
	at test.by.epam.auction.parser.PageNumberParserTest.isAbleToFilterOffIncorrectValues(PageNumberParserTest.java:49)
	at sun.reflect.NativeMethodAccessorImpl.invoke0(Native Method)
	at sun.reflect.NativeMethodAccessorImpl.invoke(NativeMethodAccessorImpl.java:62)
	at sun.reflect.DelegatingMethodAccessorImpl.invoke(DelegatingMethodAccessorImpl.java:43)
	at java.lang.reflect.Method.invoke(Method.java:498)
	at org.testng.internal.MethodInvocationHelper.invokeMethod(MethodInvocationHelper.java:124)
	at org.testng.internal.Invoker.invokeMethod(Invoker.java:580)
	at org.testng.internal.Invoker.invokeTestMethod(Invoker.java:716)
	at org.testng.internal.Invoker.invokeTestMethods(Invoker.java:988)
	at org.testng.internal.TestMethodWorker.invokeTestMethods(TestMethodWorker.java:125)
	at org.testng.internal.TestMethodWorker.run(TestMethodWorker.java:109)
	at org.testng.TestRunner.privateRun(TestRunner.java:648)
	at org.testng.TestRunner.run(TestRunner.java:505)
	at org.testng.SuiteRunner.runTest(SuiteRunner.java:455)
	at org.testng.SuiteRunner.runSequentially(SuiteRunner.java:450)
	at org.testng.SuiteRunner.privateRun(SuiteRunner.java:415)
	at org.testng.SuiteRunner.run(SuiteRunner.java:364)
	at org.testng.SuiteRunnerWorker.runSuite(SuiteRunnerWorker.java:52)
	at org.testng.SuiteRunnerWorker.run(SuiteRunnerWorker.java:84)
	at org.testng.TestNG.runSuitesSequentially(TestNG.java:1208)
	at org.testng.TestNG.runSuitesLocally(TestNG.java:1137)
	at org.testng.TestNG.runSuites(TestNG.java:1049)
	at org.testng.TestNG.run(TestNG.java:1017)
	at org.testng.remote.AbstractRemoteTestNG.run(AbstractRemoteTestNG.java:114)
	at org.testng.remote.RemoteTestNG.initAndRun(RemoteTestNG.java:251)
	at org.testng.remote.RemoteTestNG.main(RemoteTestNG.java:77)
</pre></div><a href='#' onClick='toggleBox("stack-trace925308434", this, "Click to show all stack frames", "Click to hide stack frames")'>Click to show all stack frames</a>
<div class='stack-trace' id='stack-trace925308434'><pre>by.epam.auction.validator.exception.WrongInputException: Non-valid page number provided:-1
	at by.epam.auction.validator.parser.PageNumberParser.lambda$parse$3(PageNumberParser.java:42)
	at java.util.Optional.orElseThrow(Optional.java:290)
	at by.epam.auction.validator.parser.PageNumberParser.parse(PageNumberParser.java:42)
	at test.by.epam.auction.parser.PageNumberParserTest.isAbleToFilterOffIncorrectValues(PageNumberParserTest.java:49)
	at sun.reflect.NativeMethodAccessorImpl.invoke0(Native Method)
	at sun.reflect.NativeMethodAccessorImpl.invoke(NativeMethodAccessorImpl.java:62)
	at sun.reflect.DelegatingMethodAccessorImpl.invoke(DelegatingMethodAccessorImpl.java:43)
	at java.lang.reflect.Method.invoke(Method.java:498)
	at org.testng.internal.MethodInvocationHelper.invokeMethod(MethodInvocationHelper.java:124)
	at org.testng.internal.Invoker.invokeMethod(Invoker.java:580)
	at org.testng.internal.Invoker.invokeTestMethod(Invoker.java:716)
	at org.testng.internal.Invoker.invokeTestMethods(Invoker.java:988)
	at org.testng.internal.TestMethodWorker.invokeTestMethods(TestMethodWorker.java:125)
	at org.testng.internal.TestMethodWorker.run(TestMethodWorker.java:109)
	at org.testng.TestRunner.privateRun(TestRunner.java:648)
	at org.testng.TestRunner.run(TestRunner.java:505)
	at org.testng.SuiteRunner.runTest(SuiteRunner.java:455)
	at org.testng.SuiteRunner.runSequentially(SuiteRunner.java:450)
	at org.testng.SuiteRunner.privateRun(SuiteRunner.java:415)
	at org.testng.SuiteRunner.run(SuiteRunner.java:364)
	at org.testng.SuiteRunnerWorker.runSuite(SuiteRunnerWorker.java:52)
	at org.testng.SuiteRunnerWorker.run(SuiteRunnerWorker.java:84)
	at org.testng.TestNG.runSuitesSequentially(TestNG.java:1208)
	at org.testng.TestNG.runSuitesLocally(TestNG.java:1137)
	at org.testng.TestNG.runSuites(TestNG.java:1049)
	at org.testng.TestNG.run(TestNG.java:1017)
	at org.testng.remote.AbstractRemoteTestNG.run(AbstractRemoteTestNG.java:114)
	at org.testng.remote.RemoteTestNG.initAndRun(RemoteTestNG.java:251)
	at org.testng.remote.RemoteTestNG.main(RemoteTestNG.java:77)
</pre></div></td>
<td>0</td>
<td>test.by.epam.auction.parser.PageNumberParserTest@39c0f4a</td></tr>
<tr>
<td title='test.by.epam.auction.parser.PageNumberParserTest.isAbleToFilterOffIncorrectValues()'><b>isAbleToFilterOffIncorrectValues</b><br>Test class: test.by.epam.auction.parser.PageNumberParserTest<br>Parameters: </td>
<td><div><pre>by.epam.auction.validator.exception.WrongInputException: Non-valid page number provided:
	at by.epam.auction.validator.parser.PageNumberParser.lambda$parse$3(PageNumberParser.java:42)
	at java.util.Optional.orElseThrow(Optional.java:290)
	at by.epam.auction.validator.parser.PageNumberParser.parse(PageNumberParser.java:42)
	at test.by.epam.auction.parser.PageNumberParserTest.isAbleToFilterOffIncorrectValues(PageNumberParserTest.java:49)
	at sun.reflect.NativeMethodAccessorImpl.invoke0(Native Method)
	at sun.reflect.NativeMethodAccessorImpl.invoke(NativeMethodAccessorImpl.java:62)
	at sun.reflect.DelegatingMethodAccessorImpl.invoke(DelegatingMethodAccessorImpl.java:43)
	at java.lang.reflect.Method.invoke(Method.java:498)
	at org.testng.internal.MethodInvocationHelper.invokeMethod(MethodInvocationHelper.java:124)
	at org.testng.internal.Invoker.invokeMethod(Invoker.java:580)
	at org.testng.internal.Invoker.invokeTestMethod(Invoker.java:716)
	at org.testng.internal.Invoker.invokeTestMethods(Invoker.java:988)
	at org.testng.internal.TestMethodWorker.invokeTestMethods(TestMethodWorker.java:125)
	at org.testng.internal.TestMethodWorker.run(TestMethodWorker.java:109)
	at org.testng.TestRunner.privateRun(TestRunner.java:648)
	at org.testng.TestRunner.run(TestRunner.java:505)
	at org.testng.SuiteRunner.runTest(SuiteRunner.java:455)
	at org.testng.SuiteRunner.runSequentially(SuiteRunner.java:450)
	at org.testng.SuiteRunner.privateRun(SuiteRunner.java:415)
	at org.testng.SuiteRunner.run(SuiteRunner.java:364)
	at org.testng.SuiteRunnerWorker.runSuite(SuiteRunnerWorker.java:52)
	at org.testng.SuiteRunnerWorker.run(SuiteRunnerWorker.java:84)
	at org.testng.TestNG.runSuitesSequentially(TestNG.java:1208)
	at org.testng.TestNG.runSuitesLocally(TestNG.java:1137)
	at org.testng.TestNG.runSuites(TestNG.java:1049)
	at org.testng.TestNG.run(TestNG.java:1017)
	at org.testng.remote.AbstractRemoteTestNG.run(AbstractRemoteTestNG.java:114)
	at org.testng.remote.RemoteTestNG.initAndRun(RemoteTestNG.java:251)
	at org.testng.remote.RemoteTestNG.main(RemoteTestNG.java:77)
</pre></div><a href='#' onClick='toggleBox("stack-trace1278254413", this, "Click to show all stack frames", "Click to hide stack frames")'>Click to show all stack frames</a>
<div class='stack-trace' id='stack-trace1278254413'><pre>by.epam.auction.validator.exception.WrongInputException: Non-valid page number provided:
	at by.epam.auction.validator.parser.PageNumberParser.lambda$parse$3(PageNumberParser.java:42)
	at java.util.Optional.orElseThrow(Optional.java:290)
	at by.epam.auction.validator.parser.PageNumberParser.parse(PageNumberParser.java:42)
	at test.by.epam.auction.parser.PageNumberParserTest.isAbleToFilterOffIncorrectValues(PageNumberParserTest.java:49)
	at sun.reflect.NativeMethodAccessorImpl.invoke0(Native Method)
	at sun.reflect.NativeMethodAccessorImpl.invoke(NativeMethodAccessorImpl.java:62)
	at sun.reflect.DelegatingMethodAccessorImpl.invoke(DelegatingMethodAccessorImpl.java:43)
	at java.lang.reflect.Method.invoke(Method.java:498)
	at org.testng.internal.MethodInvocationHelper.invokeMethod(MethodInvocationHelper.java:124)
	at org.testng.internal.Invoker.invokeMethod(Invoker.java:580)
	at org.testng.internal.Invoker.invokeTestMethod(Invoker.java:716)
	at org.testng.internal.Invoker.invokeTestMethods(Invoker.java:988)
	at org.testng.internal.TestMethodWorker.invokeTestMethods(TestMethodWorker.java:125)
	at org.testng.internal.TestMethodWorker.run(TestMethodWorker.java:109)
	at org.testng.TestRunner.privateRun(TestRunner.java:648)
	at org.testng.TestRunner.run(TestRunner.java:505)
	at org.testng.SuiteRunner.runTest(SuiteRunner.java:455)
	at org.testng.SuiteRunner.runSequentially(SuiteRunner.java:450)
	at org.testng.SuiteRunner.privateRun(SuiteRunner.java:415)
	at org.testng.SuiteRunner.run(SuiteRunner.java:364)
	at org.testng.SuiteRunnerWorker.runSuite(SuiteRunnerWorker.java:52)
	at org.testng.SuiteRunnerWorker.run(SuiteRunnerWorker.java:84)
	at org.testng.TestNG.runSuitesSequentially(TestNG.java:1208)
	at org.testng.TestNG.runSuitesLocally(TestNG.java:1137)
	at org.testng.TestNG.runSuites(TestNG.java:1049)
	at org.testng.TestNG.run(TestNG.java:1017)
	at org.testng.remote.AbstractRemoteTestNG.run(AbstractRemoteTestNG.java:114)
	at org.testng.remote.RemoteTestNG.initAndRun(RemoteTestNG.java:251)
	at org.testng.remote.RemoteTestNG.main(RemoteTestNG.java:77)
</pre></div></td>
<td>0</td>
<td>test.by.epam.auction.parser.PageNumberParserTest@39c0f4a</td></tr>
<tr>
<td title='test.by.epam.auction.parser.PageNumberParserTest.isAbleToFilterOffIncorrectValues()'><b>isAbleToFilterOffIncorrectValues</b><br>Test class: test.by.epam.auction.parser.PageNumberParserTest<br>Parameters:     </td>
<td><div><pre>by.epam.auction.validator.exception.WrongInputException: Non-valid page number provided:    
	at by.epam.auction.validator.parser.PageNumberParser.lambda$parse$3(PageNumberParser.java:42)
	at java.util.Optional.orElseThrow(Optional.java:290)
	at by.epam.auction.validator.parser.PageNumberParser.parse(PageNumberParser.java:42)
	at test.by.epam.auction.parser.PageNumberParserTest.isAbleToFilterOffIncorrectValues(PageNumberParserTest.java:49)
	at sun.reflect.NativeMethodAccessorImpl.invoke0(Native Method)
	at sun.reflect.NativeMethodAccessorImpl.invoke(NativeMethodAccessorImpl.java:62)
	at sun.reflect.DelegatingMethodAccessorImpl.invoke(DelegatingMethodAccessorImpl.java:43)
	at java.lang.reflect.Method.invoke(Method.java:498)
	at org.testng.internal.MethodInvocationHelper.invokeMethod(MethodInvocationHelper.java:124)
	at org.testng.internal.Invoker.invokeMethod(Invoker.java:580)
	at org.testng.internal.Invoker.invokeTestMethod(Invoker.java:716)
	at org.testng.internal.Invoker.invokeTestMethods(Invoker.java:988)
	at org.testng.internal.TestMethodWorker.invokeTestMethods(TestMethodWorker.java:125)
	at org.testng.internal.TestMethodWorker.run(TestMethodWorker.java:109)
	at org.testng.TestRunner.privateRun(TestRunner.java:648)
	at org.testng.TestRunner.run(TestRunner.java:505)
	at org.testng.SuiteRunner.runTest(SuiteRunner.java:455)
	at org.testng.SuiteRunner.runSequentially(SuiteRunner.java:450)
	at org.testng.SuiteRunner.privateRun(SuiteRunner.java:415)
	at org.testng.SuiteRunner.run(SuiteRunner.java:364)
	at org.testng.SuiteRunnerWorker.runSuite(SuiteRunnerWorker.java:52)
	at org.testng.SuiteRunnerWorker.run(SuiteRunnerWorker.java:84)
	at org.testng.TestNG.runSuitesSequentially(TestNG.java:1208)
	at org.testng.TestNG.runSuitesLocally(TestNG.java:1137)
	at org.testng.TestNG.runSuites(TestNG.java:1049)
	at org.testng.TestNG.run(TestNG.java:1017)
	at org.testng.remote.AbstractRemoteTestNG.run(AbstractRemoteTestNG.java:114)
	at org.testng.remote.RemoteTestNG.initAndRun(RemoteTestNG.java:251)
	at org.testng.remote.RemoteTestNG.main(RemoteTestNG.java:77)
</pre></div><a href='#' onClick='toggleBox("stack-trace931675031", this, "Click to show all stack frames", "Click to hide stack frames")'>Click to show all stack frames</a>
<div class='stack-trace' id='stack-trace931675031'><pre>by.epam.auction.validator.exception.WrongInputException: Non-valid page number provided:    
	at by.epam.auction.validator.parser.PageNumberParser.lambda$parse$3(PageNumberParser.java:42)
	at java.util.Optional.orElseThrow(Optional.java:290)
	at by.epam.auction.validator.parser.PageNumberParser.parse(PageNumberParser.java:42)
	at test.by.epam.auction.parser.PageNumberParserTest.isAbleToFilterOffIncorrectValues(PageNumberParserTest.java:49)
	at sun.reflect.NativeMethodAccessorImpl.invoke0(Native Method)
	at sun.reflect.NativeMethodAccessorImpl.invoke(NativeMethodAccessorImpl.java:62)
	at sun.reflect.DelegatingMethodAccessorImpl.invoke(DelegatingMethodAccessorImpl.java:43)
	at java.lang.reflect.Method.invoke(Method.java:498)
	at org.testng.internal.MethodInvocationHelper.invokeMethod(MethodInvocationHelper.java:124)
	at org.testng.internal.Invoker.invokeMethod(Invoker.java:580)
	at org.testng.internal.Invoker.invokeTestMethod(Invoker.java:716)
	at org.testng.internal.Invoker.invokeTestMethods(Invoker.java:988)
	at org.testng.internal.TestMethodWorker.invokeTestMethods(TestMethodWorker.java:125)
	at org.testng.internal.TestMethodWorker.run(TestMethodWorker.java:109)
	at org.testng.TestRunner.privateRun(TestRunner.java:648)
	at org.testng.TestRunner.run(TestRunner.java:505)
	at org.testng.SuiteRunner.runTest(SuiteRunner.java:455)
	at org.testng.SuiteRunner.runSequentially(SuiteRunner.java:450)
	at org.testng.SuiteRunner.privateRun(SuiteRunner.java:415)
	at org.testng.SuiteRunner.run(SuiteRunner.java:364)
	at org.testng.SuiteRunnerWorker.runSuite(SuiteRunnerWorker.java:52)
	at org.testng.SuiteRunnerWorker.run(SuiteRunnerWorker.java:84)
	at org.testng.TestNG.runSuitesSequentially(TestNG.java:1208)
	at org.testng.TestNG.runSuitesLocally(TestNG.java:1137)
	at org.testng.TestNG.runSuites(TestNG.java:1049)
	at org.testng.TestNG.run(TestNG.java:1017)
	at org.testng.remote.AbstractRemoteTestNG.run(AbstractRemoteTestNG.java:114)
	at org.testng.remote.RemoteTestNG.initAndRun(RemoteTestNG.java:251)
	at org.testng.remote.RemoteTestNG.main(RemoteTestNG.java:77)
</pre></div></td>
<td>0</td>
<td>test.by.epam.auction.parser.PageNumberParserTest@39c0f4a</td></tr>
<tr>
<td title='test.by.epam.auction.parser.PageNumberParserTest.isAbleToFilterOffIncorrectValues()'><b>isAbleToFilterOffIncorrectValues</b><br>Test class: test.by.epam.auction.parser.PageNumberParserTest<br>Parameters: string value</td>
<td><div><pre>by.epam.auction.validator.exception.WrongInputException: Non-valid page number provided:string value
	at by.epam.auction.validator.parser.PageNumberParser.lambda$parse$3(PageNumberParser.java:42)
	at java.util.Optional.orElseThrow(Optional.java:290)
	at by.epam.auction.validator.parser.PageNumberParser.parse(PageNumberParser.java:42)
	at test.by.epam.auction.parser.PageNumberParserTest.isAbleToFilterOffIncorrectValues(PageNumberParserTest.java:49)
	at sun.reflect.NativeMethodAccessorImpl.invoke0(Native Method)
	at sun.reflect.NativeMethodAccessorImpl.invoke(NativeMethodAccessorImpl.java:62)
	at sun.reflect.DelegatingMethodAccessorImpl.invoke(DelegatingMethodAccessorImpl.java:43)
	at java.lang.reflect.Method.invoke(Method.java:498)
	at org.testng.internal.MethodInvocationHelper.invokeMethod(MethodInvocationHelper.java:124)
	at org.testng.internal.Invoker.invokeMethod(Invoker.java:580)
	at org.testng.internal.Invoker.invokeTestMethod(Invoker.java:716)
	at org.testng.internal.Invoker.invokeTestMethods(Invoker.java:988)
	at org.testng.internal.TestMethodWorker.invokeTestMethods(TestMethodWorker.java:125)
	at org.testng.internal.TestMethodWorker.run(TestMethodWorker.java:109)
	at org.testng.TestRunner.privateRun(TestRunner.java:648)
	at org.testng.TestRunner.run(TestRunner.java:505)
	at org.testng.SuiteRunner.runTest(SuiteRunner.java:455)
	at org.testng.SuiteRunner.runSequentially(SuiteRunner.java:450)
	at org.testng.SuiteRunner.privateRun(SuiteRunner.java:415)
	at org.testng.SuiteRunner.run(SuiteRunner.java:364)
	at org.testng.SuiteRunnerWorker.runSuite(SuiteRunnerWorker.java:52)
	at org.testng.SuiteRunnerWorker.run(SuiteRunnerWorker.java:84)
	at org.testng.TestNG.runSuitesSequentially(TestNG.java:1208)
	at org.testng.TestNG.runSuitesLocally(TestNG.java:1137)
	at org.testng.TestNG.runSuites(TestNG.java:1049)
	at org.testng.TestNG.run(TestNG.java:1017)
	at org.testng.remote.AbstractRemoteTestNG.run(AbstractRemoteTestNG.java:114)
	at org.testng.remote.RemoteTestNG.initAndRun(RemoteTestNG.java:251)
	at org.testng.remote.RemoteTestNG.main(RemoteTestNG.java:77)
</pre></div><a href='#' onClick='toggleBox("stack-trace1312381159", this, "Click to show all stack frames", "Click to hide stack frames")'>Click to show all stack frames</a>
<div class='stack-trace' id='stack-trace1312381159'><pre>by.epam.auction.validator.exception.WrongInputException: Non-valid page number provided:string value
	at by.epam.auction.validator.parser.PageNumberParser.lambda$parse$3(PageNumberParser.java:42)
	at java.util.Optional.orElseThrow(Optional.java:290)
	at by.epam.auction.validator.parser.PageNumberParser.parse(PageNumberParser.java:42)
	at test.by.epam.auction.parser.PageNumberParserTest.isAbleToFilterOffIncorrectValues(PageNumberParserTest.java:49)
	at sun.reflect.NativeMethodAccessorImpl.invoke0(Native Method)
	at sun.reflect.NativeMethodAccessorImpl.invoke(NativeMethodAccessorImpl.java:62)
	at sun.reflect.DelegatingMethodAccessorImpl.invoke(DelegatingMethodAccessorImpl.java:43)
	at java.lang.reflect.Method.invoke(Method.java:498)
	at org.testng.internal.MethodInvocationHelper.invokeMethod(MethodInvocationHelper.java:124)
	at org.testng.internal.Invoker.invokeMethod(Invoker.java:580)
	at org.testng.internal.Invoker.invokeTestMethod(Invoker.java:716)
	at org.testng.internal.Invoker.invokeTestMethods(Invoker.java:988)
	at org.testng.internal.TestMethodWorker.invokeTestMethods(TestMethodWorker.java:125)
	at org.testng.internal.TestMethodWorker.run(TestMethodWorker.java:109)
	at org.testng.TestRunner.privateRun(TestRunner.java:648)
	at org.testng.TestRunner.run(TestRunner.java:505)
	at org.testng.SuiteRunner.runTest(SuiteRunner.java:455)
	at org.testng.SuiteRunner.runSequentially(SuiteRunner.java:450)
	at org.testng.SuiteRunner.privateRun(SuiteRunner.java:415)
	at org.testng.SuiteRunner.run(SuiteRunner.java:364)
	at org.testng.SuiteRunnerWorker.runSuite(SuiteRunnerWorker.java:52)
	at org.testng.SuiteRunnerWorker.run(SuiteRunnerWorker.java:84)
	at org.testng.TestNG.runSuitesSequentially(TestNG.java:1208)
	at org.testng.TestNG.runSuitesLocally(TestNG.java:1137)
	at org.testng.TestNG.runSuites(TestNG.java:1049)
	at org.testng.TestNG.run(TestNG.java:1017)
	at org.testng.remote.AbstractRemoteTestNG.run(AbstractRemoteTestNG.java:114)
	at org.testng.remote.RemoteTestNG.initAndRun(RemoteTestNG.java:251)
	at org.testng.remote.RemoteTestNG.main(RemoteTestNG.java:77)
</pre></div></td>
<td>0</td>
<td>test.by.epam.auction.parser.PageNumberParserTest@39c0f4a</td></tr>
<tr>
<td title='test.by.epam.auction.parser.PageNumberParserTest.isAbleToFilterOffIncorrectValues()'><b>isAbleToFilterOffIncorrectValues</b><br>Test class: test.by.epam.auction.parser.PageNumberParserTest<br>Parameters: null</td>
<td><div><pre>by.epam.auction.validator.exception.WrongInputException: Null pageNumber provided
	at by.epam.auction.validator.parser.PageNumberParser.parse(PageNumberParser.java:28)
	at test.by.epam.auction.parser.PageNumberParserTest.isAbleToFilterOffIncorrectValues(PageNumberParserTest.java:49)
	at sun.reflect.NativeMethodAccessorImpl.invoke0(Native Method)
	at sun.reflect.NativeMethodAccessorImpl.invoke(NativeMethodAccessorImpl.java:62)
	at sun.reflect.DelegatingMethodAccessorImpl.invoke(DelegatingMethodAccessorImpl.java:43)
	at java.lang.reflect.Method.invoke(Method.java:498)
	at org.testng.internal.MethodInvocationHelper.invokeMethod(MethodInvocationHelper.java:124)
	at org.testng.internal.Invoker.invokeMethod(Invoker.java:580)
	at org.testng.internal.Invoker.invokeTestMethod(Invoker.java:716)
	at org.testng.internal.Invoker.invokeTestMethods(Invoker.java:988)
	at org.testng.internal.TestMethodWorker.invokeTestMethods(TestMethodWorker.java:125)
	at org.testng.internal.TestMethodWorker.run(TestMethodWorker.java:109)
	at org.testng.TestRunner.privateRun(TestRunner.java:648)
	at org.testng.TestRunner.run(TestRunner.java:505)
	at org.testng.SuiteRunner.runTest(SuiteRunner.java:455)
	at org.testng.SuiteRunner.runSequentially(SuiteRunner.java:450)
	at org.testng.SuiteRunner.privateRun(SuiteRunner.java:415)
	at org.testng.SuiteRunner.run(SuiteRunner.java:364)
	at org.testng.SuiteRunnerWorker.runSuite(SuiteRunnerWorker.java:52)
	at org.testng.SuiteRunnerWorker.run(SuiteRunnerWorker.java:84)
	at org.testng.TestNG.runSuitesSequentially(TestNG.java:1208)
	at org.testng.TestNG.runSuitesLocally(TestNG.java:1137)
	at org.testng.TestNG.runSuites(TestNG.java:1049)
	at org.testng.TestNG.run(TestNG.java:1017)
	at org.testng.remote.AbstractRemoteTestNG.run(AbstractRemoteTestNG.java:114)
	at org.testng.remote.RemoteTestNG.initAndRun(RemoteTestNG.java:251)
	at org.testng.remote.RemoteTestNG.main(RemoteTestNG.java:77)
</pre></div><a href='#' onClick='toggleBox("stack-trace31114735", this, "Click to show all stack frames", "Click to hide stack frames")'>Click to show all stack frames</a>
<div class='stack-trace' id='stack-trace31114735'><pre>by.epam.auction.validator.exception.WrongInputException: Null pageNumber provided
	at by.epam.auction.validator.parser.PageNumberParser.parse(PageNumberParser.java:28)
	at test.by.epam.auction.parser.PageNumberParserTest.isAbleToFilterOffIncorrectValues(PageNumberParserTest.java:49)
	at sun.reflect.NativeMethodAccessorImpl.invoke0(Native Method)
	at sun.reflect.NativeMethodAccessorImpl.invoke(NativeMethodAccessorImpl.java:62)
	at sun.reflect.DelegatingMethodAccessorImpl.invoke(DelegatingMethodAccessorImpl.java:43)
	at java.lang.reflect.Method.invoke(Method.java:498)
	at org.testng.internal.MethodInvocationHelper.invokeMethod(MethodInvocationHelper.java:124)
	at org.testng.internal.Invoker.invokeMethod(Invoker.java:580)
	at org.testng.internal.Invoker.invokeTestMethod(Invoker.java:716)
	at org.testng.internal.Invoker.invokeTestMethods(Invoker.java:988)
	at org.testng.internal.TestMethodWorker.invokeTestMethods(TestMethodWorker.java:125)
	at org.testng.internal.TestMethodWorker.run(TestMethodWorker.java:109)
	at org.testng.TestRunner.privateRun(TestRunner.java:648)
	at org.testng.TestRunner.run(TestRunner.java:505)
	at org.testng.SuiteRunner.runTest(SuiteRunner.java:455)
	at org.testng.SuiteRunner.runSequentially(SuiteRunner.java:450)
	at org.testng.SuiteRunner.privateRun(SuiteRunner.java:415)
	at org.testng.SuiteRunner.run(SuiteRunner.java:364)
	at org.testng.SuiteRunnerWorker.runSuite(SuiteRunnerWorker.java:52)
	at org.testng.SuiteRunnerWorker.run(SuiteRunnerWorker.java:84)
	at org.testng.TestNG.runSuitesSequentially(TestNG.java:1208)
	at org.testng.TestNG.runSuitesLocally(TestNG.java:1137)
	at org.testng.TestNG.runSuites(TestNG.java:1049)
	at org.testng.TestNG.run(TestNG.java:1017)
	at org.testng.remote.AbstractRemoteTestNG.run(AbstractRemoteTestNG.java:114)
	at org.testng.remote.RemoteTestNG.initAndRun(RemoteTestNG.java:251)
	at org.testng.remote.RemoteTestNG.main(RemoteTestNG.java:77)
</pre></div></td>
<td>0</td>
<td>test.by.epam.auction.parser.PageNumberParserTest@39c0f4a</td></tr>
<tr>
<td title='test.by.epam.auction.parser.AuctionTypeParserTest.isAbleToFilterOffIncorrectValues()'><b>isAbleToFilterOffIncorrectValues</b><br>Test class: test.by.epam.auction.parser.AuctionTypeParserTest<br>Parameters: </td>
<td><div><pre>by.epam.auction.validator.exception.WrongInputException: Non-valid auction type provided:
	at by.epam.auction.validator.parser.AuctionTypeParser.lambda$parse$0(AuctionTypeParser.java:37)
	at java.util.Optional.orElseThrow(Optional.java:290)
	at by.epam.auction.validator.parser.AuctionTypeParser.parse(AuctionTypeParser.java:37)
	at test.by.epam.auction.parser.AuctionTypeParserTest.isAbleToFilterOffIncorrectValues(AuctionTypeParserTest.java:49)
	at sun.reflect.NativeMethodAccessorImpl.invoke0(Native Method)
	at sun.reflect.NativeMethodAccessorImpl.invoke(NativeMethodAccessorImpl.java:62)
	at sun.reflect.DelegatingMethodAccessorImpl.invoke(DelegatingMethodAccessorImpl.java:43)
	at java.lang.reflect.Method.invoke(Method.java:498)
	at org.testng.internal.MethodInvocationHelper.invokeMethod(MethodInvocationHelper.java:124)
	at org.testng.internal.Invoker.invokeMethod(Invoker.java:580)
	at org.testng.internal.Invoker.invokeTestMethod(Invoker.java:716)
	at org.testng.internal.Invoker.invokeTestMethods(Invoker.java:988)
	at org.testng.internal.TestMethodWorker.invokeTestMethods(TestMethodWorker.java:125)
	at org.testng.internal.TestMethodWorker.run(TestMethodWorker.java:109)
	at org.testng.TestRunner.privateRun(TestRunner.java:648)
	at org.testng.TestRunner.run(TestRunner.java:505)
	at org.testng.SuiteRunner.runTest(SuiteRunner.java:455)
	at org.testng.SuiteRunner.runSequentially(SuiteRunner.java:450)
	at org.testng.SuiteRunner.privateRun(SuiteRunner.java:415)
	at org.testng.SuiteRunner.run(SuiteRunner.java:364)
	at org.testng.SuiteRunnerWorker.runSuite(SuiteRunnerWorker.java:52)
	at org.testng.SuiteRunnerWorker.run(SuiteRunnerWorker.java:84)
	at org.testng.TestNG.runSuitesSequentially(TestNG.java:1208)
	at org.testng.TestNG.runSuitesLocally(TestNG.java:1137)
	at org.testng.TestNG.runSuites(TestNG.java:1049)
	at org.testng.TestNG.run(TestNG.java:1017)
	at org.testng.remote.AbstractRemoteTestNG.run(AbstractRemoteTestNG.java:114)
	at org.testng.remote.RemoteTestNG.initAndRun(RemoteTestNG.java:251)
	at org.testng.remote.RemoteTestNG.main(RemoteTestNG.java:77)
</pre></div><a href='#' onClick='toggleBox("stack-trace1112414583", this, "Click to show all stack frames", "Click to hide stack frames")'>Click to show all stack frames</a>
<div class='stack-trace' id='stack-trace1112414583'><pre>by.epam.auction.validator.exception.WrongInputException: Non-valid auction type provided:
	at by.epam.auction.validator.parser.AuctionTypeParser.lambda$parse$0(AuctionTypeParser.java:37)
	at java.util.Optional.orElseThrow(Optional.java:290)
	at by.epam.auction.validator.parser.AuctionTypeParser.parse(AuctionTypeParser.java:37)
	at test.by.epam.auction.parser.AuctionTypeParserTest.isAbleToFilterOffIncorrectValues(AuctionTypeParserTest.java:49)
	at sun.reflect.NativeMethodAccessorImpl.invoke0(Native Method)
	at sun.reflect.NativeMethodAccessorImpl.invoke(NativeMethodAccessorImpl.java:62)
	at sun.reflect.DelegatingMethodAccessorImpl.invoke(DelegatingMethodAccessorImpl.java:43)
	at java.lang.reflect.Method.invoke(Method.java:498)
	at org.testng.internal.MethodInvocationHelper.invokeMethod(MethodInvocationHelper.java:124)
	at org.testng.internal.Invoker.invokeMethod(Invoker.java:580)
	at org.testng.internal.Invoker.invokeTestMethod(Invoker.java:716)
	at org.testng.internal.Invoker.invokeTestMethods(Invoker.java:988)
	at org.testng.internal.TestMethodWorker.invokeTestMethods(TestMethodWorker.java:125)
	at org.testng.internal.TestMethodWorker.run(TestMethodWorker.java:109)
	at org.testng.TestRunner.privateRun(TestRunner.java:648)
	at org.testng.TestRunner.run(TestRunner.java:505)
	at org.testng.SuiteRunner.runTest(SuiteRunner.java:455)
	at org.testng.SuiteRunner.runSequentially(SuiteRunner.java:450)
	at org.testng.SuiteRunner.privateRun(SuiteRunner.java:415)
	at org.testng.SuiteRunner.run(SuiteRunner.java:364)
	at org.testng.SuiteRunnerWorker.runSuite(SuiteRunnerWorker.java:52)
	at org.testng.SuiteRunnerWorker.run(SuiteRunnerWorker.java:84)
	at org.testng.TestNG.runSuitesSequentially(TestNG.java:1208)
	at org.testng.TestNG.runSuitesLocally(TestNG.java:1137)
	at org.testng.TestNG.runSuites(TestNG.java:1049)
	at org.testng.TestNG.run(TestNG.java:1017)
	at org.testng.remote.AbstractRemoteTestNG.run(AbstractRemoteTestNG.java:114)
	at org.testng.remote.RemoteTestNG.initAndRun(RemoteTestNG.java:251)
	at org.testng.remote.RemoteTestNG.main(RemoteTestNG.java:77)
</pre></div></td>
<td>0</td>
<td>test.by.epam.auction.parser.AuctionTypeParserTest@1794d431</td></tr>
<tr>
<td title='test.by.epam.auction.parser.AuctionTypeParserTest.isAbleToFilterOffIncorrectValues()'><b>isAbleToFilterOffIncorrectValues</b><br>Test class: test.by.epam.auction.parser.AuctionTypeParserTest<br>Parameters:     </td>
<td><div><pre>by.epam.auction.validator.exception.WrongInputException: Non-valid auction type provided:    
	at by.epam.auction.validator.parser.AuctionTypeParser.lambda$parse$0(AuctionTypeParser.java:37)
	at java.util.Optional.orElseThrow(Optional.java:290)
	at by.epam.auction.validator.parser.AuctionTypeParser.parse(AuctionTypeParser.java:37)
	at test.by.epam.auction.parser.AuctionTypeParserTest.isAbleToFilterOffIncorrectValues(AuctionTypeParserTest.java:49)
	at sun.reflect.NativeMethodAccessorImpl.invoke0(Native Method)
	at sun.reflect.NativeMethodAccessorImpl.invoke(NativeMethodAccessorImpl.java:62)
	at sun.reflect.DelegatingMethodAccessorImpl.invoke(DelegatingMethodAccessorImpl.java:43)
	at java.lang.reflect.Method.invoke(Method.java:498)
	at org.testng.internal.MethodInvocationHelper.invokeMethod(MethodInvocationHelper.java:124)
	at org.testng.internal.Invoker.invokeMethod(Invoker.java:580)
	at org.testng.internal.Invoker.invokeTestMethod(Invoker.java:716)
	at org.testng.internal.Invoker.invokeTestMethods(Invoker.java:988)
	at org.testng.internal.TestMethodWorker.invokeTestMethods(TestMethodWorker.java:125)
	at org.testng.internal.TestMethodWorker.run(TestMethodWorker.java:109)
	at org.testng.TestRunner.privateRun(TestRunner.java:648)
	at org.testng.TestRunner.run(TestRunner.java:505)
	at org.testng.SuiteRunner.runTest(SuiteRunner.java:455)
	at org.testng.SuiteRunner.runSequentially(SuiteRunner.java:450)
	at org.testng.SuiteRunner.privateRun(SuiteRunner.java:415)
	at org.testng.SuiteRunner.run(SuiteRunner.java:364)
	at org.testng.SuiteRunnerWorker.runSuite(SuiteRunnerWorker.java:52)
	at org.testng.SuiteRunnerWorker.run(SuiteRunnerWorker.java:84)
	at org.testng.TestNG.runSuitesSequentially(TestNG.java:1208)
	at org.testng.TestNG.runSuitesLocally(TestNG.java:1137)
	at org.testng.TestNG.runSuites(TestNG.java:1049)
	at org.testng.TestNG.run(TestNG.java:1017)
	at org.testng.remote.AbstractRemoteTestNG.run(AbstractRemoteTestNG.java:114)
	at org.testng.remote.RemoteTestNG.initAndRun(RemoteTestNG.java:251)
	at org.testng.remote.RemoteTestNG.main(RemoteTestNG.java:77)
</pre></div><a href='#' onClick='toggleBox("stack-trace293508253", this, "Click to show all stack frames", "Click to hide stack frames")'>Click to show all stack frames</a>
<div class='stack-trace' id='stack-trace293508253'><pre>by.epam.auction.validator.exception.WrongInputException: Non-valid auction type provided:    
	at by.epam.auction.validator.parser.AuctionTypeParser.lambda$parse$0(AuctionTypeParser.java:37)
	at java.util.Optional.orElseThrow(Optional.java:290)
	at by.epam.auction.validator.parser.AuctionTypeParser.parse(AuctionTypeParser.java:37)
	at test.by.epam.auction.parser.AuctionTypeParserTest.isAbleToFilterOffIncorrectValues(AuctionTypeParserTest.java:49)
	at sun.reflect.NativeMethodAccessorImpl.invoke0(Native Method)
	at sun.reflect.NativeMethodAccessorImpl.invoke(NativeMethodAccessorImpl.java:62)
	at sun.reflect.DelegatingMethodAccessorImpl.invoke(DelegatingMethodAccessorImpl.java:43)
	at java.lang.reflect.Method.invoke(Method.java:498)
	at org.testng.internal.MethodInvocationHelper.invokeMethod(MethodInvocationHelper.java:124)
	at org.testng.internal.Invoker.invokeMethod(Invoker.java:580)
	at org.testng.internal.Invoker.invokeTestMethod(Invoker.java:716)
	at org.testng.internal.Invoker.invokeTestMethods(Invoker.java:988)
	at org.testng.internal.TestMethodWorker.invokeTestMethods(TestMethodWorker.java:125)
	at org.testng.internal.TestMethodWorker.run(TestMethodWorker.java:109)
	at org.testng.TestRunner.privateRun(TestRunner.java:648)
	at org.testng.TestRunner.run(TestRunner.java:505)
	at org.testng.SuiteRunner.runTest(SuiteRunner.java:455)
	at org.testng.SuiteRunner.runSequentially(SuiteRunner.java:450)
	at org.testng.SuiteRunner.privateRun(SuiteRunner.java:415)
	at org.testng.SuiteRunner.run(SuiteRunner.java:364)
	at org.testng.SuiteRunnerWorker.runSuite(SuiteRunnerWorker.java:52)
	at org.testng.SuiteRunnerWorker.run(SuiteRunnerWorker.java:84)
	at org.testng.TestNG.runSuitesSequentially(TestNG.java:1208)
	at org.testng.TestNG.runSuitesLocally(TestNG.java:1137)
	at org.testng.TestNG.runSuites(TestNG.java:1049)
	at org.testng.TestNG.run(TestNG.java:1017)
	at org.testng.remote.AbstractRemoteTestNG.run(AbstractRemoteTestNG.java:114)
	at org.testng.remote.RemoteTestNG.initAndRun(RemoteTestNG.java:251)
	at org.testng.remote.RemoteTestNG.main(RemoteTestNG.java:77)
</pre></div></td>
<td>0</td>
<td>test.by.epam.auction.parser.AuctionTypeParserTest@1794d431</td></tr>
<tr>
<td title='test.by.epam.auction.parser.AuctionTypeParserTest.isAbleToFilterOffIncorrectValues()'><b>isAbleToFilterOffIncorrectValues</b><br>Test class: test.by.epam.auction.parser.AuctionTypeParserTest<br>Parameters: unmatching regEx</td>
<td><div><pre>by.epam.auction.validator.exception.WrongInputException: Non-valid auction type provided:unmatching regEx
	at by.epam.auction.validator.parser.AuctionTypeParser.lambda$parse$0(AuctionTypeParser.java:37)
	at java.util.Optional.orElseThrow(Optional.java:290)
	at by.epam.auction.validator.parser.AuctionTypeParser.parse(AuctionTypeParser.java:37)
	at test.by.epam.auction.parser.AuctionTypeParserTest.isAbleToFilterOffIncorrectValues(AuctionTypeParserTest.java:49)
	at sun.reflect.NativeMethodAccessorImpl.invoke0(Native Method)
	at sun.reflect.NativeMethodAccessorImpl.invoke(NativeMethodAccessorImpl.java:62)
	at sun.reflect.DelegatingMethodAccessorImpl.invoke(DelegatingMethodAccessorImpl.java:43)
	at java.lang.reflect.Method.invoke(Method.java:498)
	at org.testng.internal.MethodInvocationHelper.invokeMethod(MethodInvocationHelper.java:124)
	at org.testng.internal.Invoker.invokeMethod(Invoker.java:580)
	at org.testng.internal.Invoker.invokeTestMethod(Invoker.java:716)
	at org.testng.internal.Invoker.invokeTestMethods(Invoker.java:988)
	at org.testng.internal.TestMethodWorker.invokeTestMethods(TestMethodWorker.java:125)
	at org.testng.internal.TestMethodWorker.run(TestMethodWorker.java:109)
	at org.testng.TestRunner.privateRun(TestRunner.java:648)
	at org.testng.TestRunner.run(TestRunner.java:505)
	at org.testng.SuiteRunner.runTest(SuiteRunner.java:455)
	at org.testng.SuiteRunner.runSequentially(SuiteRunner.java:450)
	at org.testng.SuiteRunner.privateRun(SuiteRunner.java:415)
	at org.testng.SuiteRunner.run(SuiteRunner.java:364)
	at org.testng.SuiteRunnerWorker.runSuite(SuiteRunnerWorker.java:52)
	at org.testng.SuiteRunnerWorker.run(SuiteRunnerWorker.java:84)
	at org.testng.TestNG.runSuitesSequentially(TestNG.java:1208)
	at org.testng.TestNG.runSuitesLocally(TestNG.java:1137)
	at org.testng.TestNG.runSuites(TestNG.java:1049)
	at org.testng.TestNG.run(TestNG.java:1017)
	at org.testng.remote.AbstractRemoteTestNG.run(AbstractRemoteTestNG.java:114)
	at org.testng.remote.RemoteTestNG.initAndRun(RemoteTestNG.java:251)
	at org.testng.remote.RemoteTestNG.main(RemoteTestNG.java:77)
</pre></div><a href='#' onClick='toggleBox("stack-trace2063763486", this, "Click to show all stack frames", "Click to hide stack frames")'>Click to show all stack frames</a>
<div class='stack-trace' id='stack-trace2063763486'><pre>by.epam.auction.validator.exception.WrongInputException: Non-valid auction type provided:unmatching regEx
	at by.epam.auction.validator.parser.AuctionTypeParser.lambda$parse$0(AuctionTypeParser.java:37)
	at java.util.Optional.orElseThrow(Optional.java:290)
	at by.epam.auction.validator.parser.AuctionTypeParser.parse(AuctionTypeParser.java:37)
	at test.by.epam.auction.parser.AuctionTypeParserTest.isAbleToFilterOffIncorrectValues(AuctionTypeParserTest.java:49)
	at sun.reflect.NativeMethodAccessorImpl.invoke0(Native Method)
	at sun.reflect.NativeMethodAccessorImpl.invoke(NativeMethodAccessorImpl.java:62)
	at sun.reflect.DelegatingMethodAccessorImpl.invoke(DelegatingMethodAccessorImpl.java:43)
	at java.lang.reflect.Method.invoke(Method.java:498)
	at org.testng.internal.MethodInvocationHelper.invokeMethod(MethodInvocationHelper.java:124)
	at org.testng.internal.Invoker.invokeMethod(Invoker.java:580)
	at org.testng.internal.Invoker.invokeTestMethod(Invoker.java:716)
	at org.testng.internal.Invoker.invokeTestMethods(Invoker.java:988)
	at org.testng.internal.TestMethodWorker.invokeTestMethods(TestMethodWorker.java:125)
	at org.testng.internal.TestMethodWorker.run(TestMethodWorker.java:109)
	at org.testng.TestRunner.privateRun(TestRunner.java:648)
	at org.testng.TestRunner.run(TestRunner.java:505)
	at org.testng.SuiteRunner.runTest(SuiteRunner.java:455)
	at org.testng.SuiteRunner.runSequentially(SuiteRunner.java:450)
	at org.testng.SuiteRunner.privateRun(SuiteRunner.java:415)
	at org.testng.SuiteRunner.run(SuiteRunner.java:364)
	at org.testng.SuiteRunnerWorker.runSuite(SuiteRunnerWorker.java:52)
	at org.testng.SuiteRunnerWorker.run(SuiteRunnerWorker.java:84)
	at org.testng.TestNG.runSuitesSequentially(TestNG.java:1208)
	at org.testng.TestNG.runSuitesLocally(TestNG.java:1137)
	at org.testng.TestNG.runSuites(TestNG.java:1049)
	at org.testng.TestNG.run(TestNG.java:1017)
	at org.testng.remote.AbstractRemoteTestNG.run(AbstractRemoteTestNG.java:114)
	at org.testng.remote.RemoteTestNG.initAndRun(RemoteTestNG.java:251)
	at org.testng.remote.RemoteTestNG.main(RemoteTestNG.java:77)
</pre></div></td>
<td>0</td>
<td>test.by.epam.auction.parser.AuctionTypeParserTest@1794d431</td></tr>
<tr>
<td title='test.by.epam.auction.parser.AuctionTypeParserTest.isAbleToFilterOffIncorrectValues()'><b>isAbleToFilterOffIncorrectValues</b><br>Test class: test.by.epam.auction.parser.AuctionTypeParserTest<br>Parameters: null</td>
<td><div><pre>by.epam.auction.validator.exception.WrongInputException: Non-valid auction type provided:null
	at by.epam.auction.validator.parser.AuctionTypeParser.lambda$parse$0(AuctionTypeParser.java:37)
	at java.util.Optional.orElseThrow(Optional.java:290)
	at by.epam.auction.validator.parser.AuctionTypeParser.parse(AuctionTypeParser.java:37)
	at test.by.epam.auction.parser.AuctionTypeParserTest.isAbleToFilterOffIncorrectValues(AuctionTypeParserTest.java:49)
	at sun.reflect.NativeMethodAccessorImpl.invoke0(Native Method)
	at sun.reflect.NativeMethodAccessorImpl.invoke(NativeMethodAccessorImpl.java:62)
	at sun.reflect.DelegatingMethodAccessorImpl.invoke(DelegatingMethodAccessorImpl.java:43)
	at java.lang.reflect.Method.invoke(Method.java:498)
	at org.testng.internal.MethodInvocationHelper.invokeMethod(MethodInvocationHelper.java:124)
	at org.testng.internal.Invoker.invokeMethod(Invoker.java:580)
	at org.testng.internal.Invoker.invokeTestMethod(Invoker.java:716)
	at org.testng.internal.Invoker.invokeTestMethods(Invoker.java:988)
	at org.testng.internal.TestMethodWorker.invokeTestMethods(TestMethodWorker.java:125)
	at org.testng.internal.TestMethodWorker.run(TestMethodWorker.java:109)
	at org.testng.TestRunner.privateRun(TestRunner.java:648)
	at org.testng.TestRunner.run(TestRunner.java:505)
	at org.testng.SuiteRunner.runTest(SuiteRunner.java:455)
	at org.testng.SuiteRunner.runSequentially(SuiteRunner.java:450)
	at org.testng.SuiteRunner.privateRun(SuiteRunner.java:415)
	at org.testng.SuiteRunner.run(SuiteRunner.java:364)
	at org.testng.SuiteRunnerWorker.runSuite(SuiteRunnerWorker.java:52)
	at org.testng.SuiteRunnerWorker.run(SuiteRunnerWorker.java:84)
	at org.testng.TestNG.runSuitesSequentially(TestNG.java:1208)
	at org.testng.TestNG.runSuitesLocally(TestNG.java:1137)
	at org.testng.TestNG.runSuites(TestNG.java:1049)
	at org.testng.TestNG.run(TestNG.java:1017)
	at org.testng.remote.AbstractRemoteTestNG.run(AbstractRemoteTestNG.java:114)
	at org.testng.remote.RemoteTestNG.initAndRun(RemoteTestNG.java:251)
	at org.testng.remote.RemoteTestNG.main(RemoteTestNG.java:77)
</pre></div><a href='#' onClick='toggleBox("stack-trace1007412025", this, "Click to show all stack frames", "Click to hide stack frames")'>Click to show all stack frames</a>
<div class='stack-trace' id='stack-trace1007412025'><pre>by.epam.auction.validator.exception.WrongInputException: Non-valid auction type provided:null
	at by.epam.auction.validator.parser.AuctionTypeParser.lambda$parse$0(AuctionTypeParser.java:37)
	at java.util.Optional.orElseThrow(Optional.java:290)
	at by.epam.auction.validator.parser.AuctionTypeParser.parse(AuctionTypeParser.java:37)
	at test.by.epam.auction.parser.AuctionTypeParserTest.isAbleToFilterOffIncorrectValues(AuctionTypeParserTest.java:49)
	at sun.reflect.NativeMethodAccessorImpl.invoke0(Native Method)
	at sun.reflect.NativeMethodAccessorImpl.invoke(NativeMethodAccessorImpl.java:62)
	at sun.reflect.DelegatingMethodAccessorImpl.invoke(DelegatingMethodAccessorImpl.java:43)
	at java.lang.reflect.Method.invoke(Method.java:498)
	at org.testng.internal.MethodInvocationHelper.invokeMethod(MethodInvocationHelper.java:124)
	at org.testng.internal.Invoker.invokeMethod(Invoker.java:580)
	at org.testng.internal.Invoker.invokeTestMethod(Invoker.java:716)
	at org.testng.internal.Invoker.invokeTestMethods(Invoker.java:988)
	at org.testng.internal.TestMethodWorker.invokeTestMethods(TestMethodWorker.java:125)
	at org.testng.internal.TestMethodWorker.run(TestMethodWorker.java:109)
	at org.testng.TestRunner.privateRun(TestRunner.java:648)
	at org.testng.TestRunner.run(TestRunner.java:505)
	at org.testng.SuiteRunner.runTest(SuiteRunner.java:455)
	at org.testng.SuiteRunner.runSequentially(SuiteRunner.java:450)
	at org.testng.SuiteRunner.privateRun(SuiteRunner.java:415)
	at org.testng.SuiteRunner.run(SuiteRunner.java:364)
	at org.testng.SuiteRunnerWorker.runSuite(SuiteRunnerWorker.java:52)
	at org.testng.SuiteRunnerWorker.run(SuiteRunnerWorker.java:84)
	at org.testng.TestNG.runSuitesSequentially(TestNG.java:1208)
	at org.testng.TestNG.runSuitesLocally(TestNG.java:1137)
	at org.testng.TestNG.runSuites(TestNG.java:1049)
	at org.testng.TestNG.run(TestNG.java:1017)
	at org.testng.remote.AbstractRemoteTestNG.run(AbstractRemoteTestNG.java:114)
	at org.testng.remote.RemoteTestNG.initAndRun(RemoteTestNG.java:251)
	at org.testng.remote.RemoteTestNG.main(RemoteTestNG.java:77)
</pre></div></td>
<td>0</td>
<td>test.by.epam.auction.parser.AuctionTypeParserTest@1794d431</td></tr>
<tr>
<td title='test.by.epam.auction.parser.IdParserTest.isAbleToParseCorrectAmount()'><b>isAbleToParseCorrectAmount</b><br>Test class: test.by.epam.auction.parser.IdParserTest<br>Parameters: 1223445566, 1223445566</td>
<td></td>
<td>0</td>
<td>test.by.epam.auction.parser.IdParserTest@4883b407</td></tr>
<tr>
<td title='test.by.epam.auction.parser.IdParserTest.isAbleToParseCorrectAmount()'><b>isAbleToParseCorrectAmount</b><br>Test class: test.by.epam.auction.parser.IdParserTest<br>Parameters:  1223445566, 1223445566</td>
<td></td>
<td>0</td>
<td>test.by.epam.auction.parser.IdParserTest@4883b407</td></tr>
<tr>
<td title='test.by.epam.auction.parser.IdParserTest.isAbleToParseCorrectAmount()'><b>isAbleToParseCorrectAmount</b><br>Test class: test.by.epam.auction.parser.IdParserTest<br>Parameters: 1223445566 , 1223445566</td>
<td></td>
<td>0</td>
<td>test.by.epam.auction.parser.IdParserTest@4883b407</td></tr>
<tr>
<td title='test.by.epam.auction.parser.IdParserTest.isAbleToParseCorrectAmount()'><b>isAbleToParseCorrectAmount</b><br>Test class: test.by.epam.auction.parser.IdParserTest<br>Parameters:  1223445566 , 1223445566</td>
<td></td>
<td>0</td>
<td>test.by.epam.auction.parser.IdParserTest@4883b407</td></tr>
<tr>
<td title='test.by.epam.auction.parser.IdParserTest.isAbleToParseCorrectAmount()'><b>isAbleToParseCorrectAmount</b><br>Test class: test.by.epam.auction.parser.IdParserTest<br>Parameters: 1, 1</td>
<td></td>
<td>0</td>
<td>test.by.epam.auction.parser.IdParserTest@4883b407</td></tr>
<tr>
<td title='test.by.epam.auction.parser.AmountParserTest.isAbleToParseCorrectAmount()'><b>isAbleToParseCorrectAmount</b><br>Test class: test.by.epam.auction.parser.AmountParserTest<br>Parameters: 3.14 , 3.14</td>
<td></td>
<td>0</td>
<td>test.by.epam.auction.parser.AmountParserTest@7d9d1a19</td></tr>
<tr>
<td title='test.by.epam.auction.parser.AmountParserTest.isAbleToParseCorrectAmount()'><b>isAbleToParseCorrectAmount</b><br>Test class: test.by.epam.auction.parser.AmountParserTest<br>Parameters:  3.14, 3.14</td>
<td></td>
<td>0</td>
<td>test.by.epam.auction.parser.AmountParserTest@7d9d1a19</td></tr>
<tr>
<td title='test.by.epam.auction.parser.AmountParserTest.isAbleToParseCorrectAmount()'><b>isAbleToParseCorrectAmount</b><br>Test class: test.by.epam.auction.parser.AmountParserTest<br>Parameters:  3.14 , 3.14</td>
<td></td>
<td>0</td>
<td>test.by.epam.auction.parser.AmountParserTest@7d9d1a19</td></tr>
<tr>
<td title='test.by.epam.auction.parser.AmountParserTest.isAbleToParseCorrectAmount()'><b>isAbleToParseCorrectAmount</b><br>Test class: test.by.epam.auction.parser.AmountParserTest<br>Parameters: 0.00, 0.00</td>
<td></td>
<td>0</td>
<td>test.by.epam.auction.parser.AmountParserTest@7d9d1a19</td></tr>
<tr>
<td title='test.by.epam.auction.parser.AmountParserTest.isAbleToParseCorrectAmount()'><b>isAbleToParseCorrectAmount</b><br>Test class: test.by.epam.auction.parser.AmountParserTest<br>Parameters: 1.00, 1.00</td>
<td></td>
<td>0</td>
<td>test.by.epam.auction.parser.AmountParserTest@7d9d1a19</td></tr>
<tr>
<td title='test.by.epam.auction.parser.PageNumberParserTest.isAbleToParseCorrectAmount()'><b>isAbleToParseCorrectAmount</b><br>Test class: test.by.epam.auction.parser.PageNumberParserTest<br>Parameters: 1223445566, 1223445566</td>
<td></td>
<td>0</td>
<td>test.by.epam.auction.parser.PageNumberParserTest@39c0f4a</td></tr>
<tr>
<td title='test.by.epam.auction.parser.PageNumberParserTest.isAbleToParseCorrectAmount()'><b>isAbleToParseCorrectAmount</b><br>Test class: test.by.epam.auction.parser.PageNumberParserTest<br>Parameters:  1223445566, 1223445566</td>
<td></td>
<td>0</td>
<td>test.by.epam.auction.parser.PageNumberParserTest@39c0f4a</td></tr>
<tr>
<td title='test.by.epam.auction.parser.PageNumberParserTest.isAbleToParseCorrectAmount()'><b>isAbleToParseCorrectAmount</b><br>Test class: test.by.epam.auction.parser.PageNumberParserTest<br>Parameters: 1223445566 , 1223445566</td>
<td></td>
<td>0</td>
<td>test.by.epam.auction.parser.PageNumberParserTest@39c0f4a</td></tr>
<tr>
<td title='test.by.epam.auction.parser.PageNumberParserTest.isAbleToParseCorrectAmount()'><b>isAbleToParseCorrectAmount</b><br>Test class: test.by.epam.auction.parser.PageNumberParserTest<br>Parameters:  1223445566 , 1223445566</td>
<td></td>
<td>0</td>
<td>test.by.epam.auction.parser.PageNumberParserTest@39c0f4a</td></tr>
<tr>
<td title='test.by.epam.auction.parser.PageNumberParserTest.isAbleToParseCorrectAmount()'><b>isAbleToParseCorrectAmount</b><br>Test class: test.by.epam.auction.parser.PageNumberParserTest<br>Parameters: 1, 1</td>
<td></td>
<td>0</td>
<td>test.by.epam.auction.parser.PageNumberParserTest@39c0f4a</td></tr>
<tr>
<td title='test.by.epam.auction.parser.PageNumberParserTest.isAbleToParseCorrectAmount()'><b>isAbleToParseCorrectAmount</b><br>Test class: test.by.epam.auction.parser.PageNumberParserTest<br>Parameters: 0, 0</td>
<td></td>
<td>0</td>
<td>test.by.epam.auction.parser.PageNumberParserTest@39c0f4a</td></tr>
<tr>
<td title='test.by.epam.auction.parser.AuctionTypeParserTest.isAbleToParseCorrectAuctionType()'><b>isAbleToParseCorrectAuctionType</b><br>Test class: test.by.epam.auction.parser.AuctionTypeParserTest<br>Parameters: direct , DIRECT</td>
<td></td>
<td>0</td>
<td>test.by.epam.auction.parser.AuctionTypeParserTest@1794d431</td></tr>
<tr>
<td title='test.by.epam.auction.parser.AuctionTypeParserTest.isAbleToParseCorrectAuctionType()'><b>isAbleToParseCorrectAuctionType</b><br>Test class: test.by.epam.auction.parser.AuctionTypeParserTest<br>Parameters:  direct, DIRECT</td>
<td></td>
<td>0</td>
<td>test.by.epam.auction.parser.AuctionTypeParserTest@1794d431</td></tr>
<tr>
<td title='test.by.epam.auction.parser.AuctionTypeParserTest.isAbleToParseCorrectAuctionType()'><b>isAbleToParseCorrectAuctionType</b><br>Test class: test.by.epam.auction.parser.AuctionTypeParserTest<br>Parameters:  direct , DIRECT</td>
<td></td>
<td>0</td>
<td>test.by.epam.auction.parser.AuctionTypeParserTest@1794d431</td></tr>
<tr>
<td title='test.by.epam.auction.parser.AuctionTypeParserTest.isAbleToParseCorrectAuctionType()'><b>isAbleToParseCorrectAuctionType</b><br>Test class: test.by.epam.auction.parser.AuctionTypeParserTest<br>Parameters: reverse, REVERSE</td>
<td></td>
<td>0</td>
<td>test.by.epam.auction.parser.AuctionTypeParserTest@1794d431</td></tr>
<tr>
<td title='test.by.epam.auction.parser.AuctionTypeParserTest.isAbleToParseCorrectAuctionType()'><b>isAbleToParseCorrectAuctionType</b><br>Test class: test.by.epam.auction.parser.AuctionTypeParserTest<br>Parameters:  reverse, REVERSE</td>
<td></td>
<td>0</td>
<td>test.by.epam.auction.parser.AuctionTypeParserTest@1794d431</td></tr>
<tr>
<td title='test.by.epam.auction.parser.AuctionTypeParserTest.isAbleToParseCorrectAuctionType()'><b>isAbleToParseCorrectAuctionType</b><br>Test class: test.by.epam.auction.parser.AuctionTypeParserTest<br>Parameters: reverse , REVERSE</td>
<td></td>
<td>0</td>
<td>test.by.epam.auction.parser.AuctionTypeParserTest@1794d431</td></tr>
<tr>
<td title='test.by.epam.auction.validator.ValidatorTest.shouldReturnFalseIfNullPasswordProvided()'><b>shouldReturnFalseIfNullPasswordProvided</b><br>Test class: test.by.epam.auction.validator.ValidatorTest<br>Parameters: null, </td>
<td></td>
<td>0</td>
<td>test.by.epam.auction.validator.ValidatorTest@42e26948</td></tr>
<tr>
<td title='test.by.epam.auction.validator.ValidatorTest.shouldReturnFalseIfNullPasswordProvided()'><b>shouldReturnFalseIfNullPasswordProvided</b><br>Test class: test.by.epam.auction.validator.ValidatorTest<br>Parameters: s, null</td>
<td></td>
<td>0</td>
<td>test.by.epam.auction.validator.ValidatorTest@42e26948</td></tr>
<tr>
<td title='test.by.epam.auction.validator.ValidatorTest.shouldReturnFalseIfNullPasswordProvided()'><b>shouldReturnFalseIfNullPasswordProvided</b><br>Test class: test.by.epam.auction.validator.ValidatorTest<br>Parameters: null, s</td>
<td></td>
<td>0</td>
<td>test.by.epam.auction.validator.ValidatorTest@42e26948</td></tr>
<tr>
<td title='test.by.epam.auction.validator.ValidatorTest.shouldReturnFalseIfNullPasswordProvided()'><b>shouldReturnFalseIfNullPasswordProvided</b><br>Test class: test.by.epam.auction.validator.ValidatorTest<br>Parameters: null, </td>
<td></td>
<td>0</td>
<td>test.by.epam.auction.validator.ValidatorTest@42e26948</td></tr>
<tr>
<td title='test.by.epam.auction.validator.ValidatorTest.shouldReturnFalseIfNullPasswordProvided()'><b>shouldReturnFalseIfNullPasswordProvided</b><br>Test class: test.by.epam.auction.validator.ValidatorTest<br>Parameters: null, null</td>
<td></td>
<td>0</td>
<td>test.by.epam.auction.validator.ValidatorTest@42e26948</td></tr>
<tr>
<td title='test.by.epam.auction.validator.ValidatorTest.validateTwoPasswordsMatchEachOther()'><b>validateTwoPasswordsMatchEachOther</b><br>Test class: test.by.epam.auction.validator.ValidatorTest<br>Parameters: s, s</td>
<td></td>
<td>0</td>
<td>test.by.epam.auction.validator.ValidatorTest@42e26948</td></tr>
<tr>
<td title='test.by.epam.auction.validator.ValidatorTest.validateTwoPasswordsMatchEachOther()'><b>validateTwoPasswordsMatchEachOther</b><br>Test class: test.by.epam.auction.validator.ValidatorTest<br>Parameters: some, some</td>
<td></td>
<td>0</td>
<td>test.by.epam.auction.validator.ValidatorTest@42e26948</td></tr>
<tr>
<td title='test.by.epam.auction.validator.ValidatorTest.validateTwoPasswordsMatchEachOther()'><b>validateTwoPasswordsMatchEachOther</b><br>Test class: test.by.epam.auction.validator.ValidatorTest<br>Parameters: Some, Some</td>
<td></td>
<td>0</td>
<td>test.by.epam.auction.validator.ValidatorTest@42e26948</td></tr>
<tr>
<td title='test.by.epam.auction.validator.ValidatorTest.validateTwoPasswordsWontMatchEachOther()'><b>validateTwoPasswordsWontMatchEachOther</b><br>Test class: test.by.epam.auction.validator.ValidatorTest<br>Parameters: some, </td>
<td></td>
<td>0</td>
<td>test.by.epam.auction.validator.ValidatorTest@42e26948</td></tr>
<tr>
<td title='test.by.epam.auction.validator.ValidatorTest.validateTwoPasswordsWontMatchEachOther()'><b>validateTwoPasswordsWontMatchEachOther</b><br>Test class: test.by.epam.auction.validator.ValidatorTest<br>Parameters: , some</td>
<td></td>
<td>0</td>
<td>test.by.epam.auction.validator.ValidatorTest@42e26948</td></tr>
<tr>
<td title='test.by.epam.auction.validator.ValidatorTest.validateTwoPasswordsWontMatchEachOther()'><b>validateTwoPasswordsWontMatchEachOther</b><br>Test class: test.by.epam.auction.validator.ValidatorTest<br>Parameters: , s</td>
<td></td>
<td>0</td>
<td>test.by.epam.auction.validator.ValidatorTest@42e26948</td></tr>
<tr>
<td title='test.by.epam.auction.validator.ValidatorTest.validateTwoPasswordsWontMatchEachOther()'><b>validateTwoPasswordsWontMatchEachOther</b><br>Test class: test.by.epam.auction.validator.ValidatorTest<br>Parameters: , Some</td>
<td></td>
<td>0</td>
<td>test.by.epam.auction.validator.ValidatorTest@42e26948</td></tr>
<tr>
<td title='test.by.epam.auction.validator.ValidatorTest.validateTwoPasswordsWontMatchEachOther()'><b>validateTwoPasswordsWontMatchEachOther</b><br>Test class: test.by.epam.auction.validator.ValidatorTest<br>Parameters: s, S</td>
<td></td>
<td>0</td>
<td>test.by.epam.auction.validator.ValidatorTest@42e26948</td></tr>
<tr>
<td title='test.by.epam.auction.validator.ValidatorTest.validateTwoPasswordsWontMatchEachOther()'><b>validateTwoPasswordsWontMatchEachOther</b><br>Test class: test.by.epam.auction.validator.ValidatorTest<br>Parameters: some, another</td>
<td></td>
<td>0</td>
<td>test.by.epam.auction.validator.ValidatorTest@42e26948</td></tr>
</table><p>
</body>
</html>